epoch,acc,loss,val_acc,val_loss
0,0.7825520833333334,nan,1.0,nan
1,0.7825520833333334,nan,1.0,nan
2,0.7825520833333334,nan,1.0,nan
3,0.7825520833333334,nan,1.0,nan
0,0.1427951388888889,0.06549405886067285,1.0,0.18641329308350882
1,0.5544704861111112,0.05331707580222024,1.0,0.16496705263853073
2,0.7825520833333334,0.04460994857880804,1.0,0.14880948762098947
3,0.7825520833333334,0.04237830959674385,1.0,0.14005986352761587
4,0.7825520833333334,0.042027481417689055,1.0,0.1359697331984838
5,0.7825520833333334,0.04146163776102993,1.0,0.13293900589148203
6,0.7825520833333334,0.04098616654260291,1.0,0.13079591592152914
7,0.7825520833333334,0.040137863252311945,1.0,0.12839472045501074
8,0.7825520833333334,0.039320228440273136,1.0,0.12590491523345312
9,0.7825520833333334,0.03821966883778158,1.0,0.12283450365066528
10,0.7825520833333334,0.03706386412442145,1.0,0.11902482310930888
11,0.7825520833333334,0.0357487392741152,1.0,0.11542418599128723
12,0.7825520833333334,0.03394109869582786,1.0,0.11045612146457036
13,0.7825520833333334,0.03185455592918313,1.0,0.10303062945604324
14,0.7825520833333334,0.02984030270535085,1.0,0.09872520963350932
15,0.7825520833333334,0.027795818116929796,0.9947916666666666,0.09653869271278381
16,0.7805989583333334,0.026420577597390447,0.951171875,0.09580923989415169
17,0.7740885416666666,0.02566903741616342,0.8899739583333334,0.09605515003204346
18,0.7619357638888888,0.025232933409925964,0.876953125,0.09462742507457733
19,0.7604166666666666,0.024830896174535155,0.8723958333333334,0.09494551395376523
0,0.4490017361111111,0.05744891013536188,1.0,0.1410251905520757
1,0.7825520833333334,0.0476653340479566,1.0,0.12575617184241614
2,0.7825520833333334,0.04717851114562816,1.0,0.12444530427455902
3,0.7825520833333334,0.04534335475828913,1.0,0.12218957891066869
4,0.7825520833333334,0.04405935983070069,1.0,0.12017578383286794
5,0.7825520833333334,0.04201535681366093,1.0,0.11574665457010269
6,0.7825520833333334,0.039986003655940294,1.0,0.10946902632713318
7,0.7825520833333334,0.03654388330566386,1.0,0.09814068799217542
8,0.7825520833333334,0.03214049841173821,1.0,0.08598898599545161
9,0.8031684027777778,0.027988411964745157,0.9934895833333334,0.07715558012326558
10,0.7775607638888888,0.026129687554202974,0.9251302083333334,0.072605616102616
11,0.7649739583333334,0.024704370570058625,0.90234375,0.0707608809073766
12,0.7654079861111112,0.023196486807945702,0.8912760416666666,0.0690494254231453
13,0.7684461805555556,0.02177463984116912,0.8860677083333334,0.06844943016767502
14,0.7710503472222222,0.02081690457028647,0.8860677083333334,0.06786516184608142
15,0.7756076388888888,0.01922288499513848,0.9231770833333334,0.06800898785392444
16,0.7938368055555556,0.018367983142120972,0.8899739583333334,0.06747498611609141
17,0.8003472222222222,0.018067063382154122,0.9140625,0.06773852556943893
18,0.7979600694444444,0.01720108242524374,0.9231770833333334,0.06733076274394989
19,0.8107638888888888,0.017214654886629432,0.9602864583333334,0.06691120564937592
0,0.4694010416666667,0.05709207885795169,1.0,0.1581977754831314
1,0.7825520833333334,0.04838467032338182,1.0,0.1398483489950498
2,0.7825520833333334,0.04727150282512108,1.0,0.13314555337031683
3,0.7825520833333334,0.04513321320215861,1.0,0.12729006012280783
4,0.7825520833333334,0.04230590842457281,1.0,0.11941837271054585
5,0.7825520833333334,0.03826426309792118,1.0,0.10867625971635182
6,0.7825520833333334,0.032738446911227785,1.0,0.09641379366318385
7,0.7510850694444444,0.028739608979473513,1.0,0.09480442230900128
8,0.7358940972222222,0.02664014184847474,0.8736979166666666,0.09110977252324422
9,0.7766927083333334,0.02552933227788243,0.8678385416666666,0.08691237742702167
10,0.78125,0.025222496789259214,0.8697916666666666,0.08341074114044507
11,0.779296875,0.024695332446652982,0.8658854166666666,0.08593212316433589
12,0.7925347222222222,0.02434347458701167,0.8665364583333334,0.08485133200883865
13,0.7805989583333334,0.023173044642640486,0.8671875,0.08308312793572743
14,0.7758246527777778,0.022367327732758388,0.8678385416666666,0.08104064563910167
15,0.7719184027777778,0.02213368673498432,0.8684895833333334,0.08098740006486575
16,0.7710503472222222,0.021178440604772832,0.8684895833333334,0.07866547753413518
17,0.7701822916666666,0.020950082327342696,0.87109375,0.07685775930682819
18,0.7645399305555556,0.020452797231781814,0.8704427083333334,0.07718409101168315
19,0.7712673611111112,0.020395241419060364,0.87109375,0.0776111160715421
0,0.4822048611111111,0.05241624700526396,1.0,0.13858450700839361
1,0.7825520833333334,0.04917519549942679,1.0,0.12925888101259866
2,0.7825520833333334,0.047971096717649035,1.0,0.1286633163690567
3,0.7825520833333334,0.04656226203466455,1.0,0.12544973691304526
4,0.7825520833333334,0.04628603739870919,1.0,0.12393597016731898
5,0.7825520833333334,0.04581870299039616,1.0,0.12444368749856949
6,0.7825520833333334,0.044439607584435076,1.0,0.12252639979124069
7,0.7825520833333334,0.04409314298795329,1.0,0.12174308051665624
8,0.7825520833333334,0.04265837940490908,1.0,0.11888874073823293
9,0.7825520833333334,0.04134605698184007,1.0,0.11540828893582027
10,0.7825520833333334,0.038588605614172086,1.0,0.1056956114868323
11,0.7825520833333334,0.036084935922796525,1.0,0.09788726518551509
12,0.7825520833333334,0.030439204355287883,0.9765625,0.08509935438632965
13,0.7736545138888888,0.02764134209913512,0.8743489583333334,0.08285428459445636
14,0.7836371527777778,0.025807163833330076,0.865234375,0.08556681623061498
15,0.7866753472222222,0.024998899626856048,0.8645833333333334,0.08342724045117696
16,0.7821180555555556,0.024389154588182766,0.8684895833333334,0.08190963913997014
17,0.7855902777777778,0.023952299522029027,0.8704427083333334,0.0809263934691747
18,0.7808159722222222,0.02270540351875954,0.8704427083333334,0.08182861655950546
19,0.7819010416666666,0.02214248866463701,0.873046875,0.079024372001489
0,0.3784722222222222,0.05910650392373403,1.0,0.14944157004356384
1,0.7825520833333334,0.05083924418108331,1.0,0.13296609123547873
2,0.7825520833333334,0.04817088755468527,1.0,0.12320966025193532
3,0.7825520833333334,0.04628575391446551,1.0,0.11704079310099284
4,0.7825520833333334,0.04499566084187892,1.0,0.11205589026212692
5,0.7825520833333334,0.04279413239823447,1.0,0.10604191323121388
6,0.7825520833333334,0.03961217659525573,1.0,0.09492829690376918
7,0.7825520833333334,0.03539531075188683,1.0,0.08120956892768542
8,0.7801649305555556,0.030401776428334415,0.9908854166666666,0.07022812465826671
9,0.796875,0.02670289172480504,0.8841145833333334,0.06400751198331515
10,0.8098958333333334,0.025309598254453804,0.875,0.06604479253292084
11,0.7934027777777778,0.02456999047555857,0.8782552083333334,0.06188115477561951
12,0.77734375,0.022881756950583722,0.875,0.06363387530048688
13,0.7916666666666666,0.021294043127757806,0.8776041666666666,0.0632435033718745
14,0.7834201388888888,0.020084935938939452,0.8795572916666666,0.06394243488709132
15,0.7842881944444444,0.019072332988596626,0.884765625,0.06393983960151672
16,0.7760416666666666,0.018262096512545314,0.892578125,0.062251701951026917
17,0.7693142361111112,0.01783263475065016,0.9127604166666666,0.06125557174285253
18,0.7660590277777778,0.017198792865706816,0.9029947916666666,0.06145237137873968
19,0.7701822916666666,0.016685007747987077,0.9427083333333334,0.06083098923166593
0,0.23177083333333334,0.05955002146462599,1.0,0.14114347596963248
1,0.7825520833333334,0.05139300268557337,1.0,0.13191444923480353
2,0.7825520833333334,0.04789751618065768,1.0,0.12926591436068216
3,0.7825520833333334,0.04528922453108761,1.0,0.1252515067656835
4,0.7825520833333334,0.04285682362711264,1.0,0.1203906883796056
5,0.7825520833333334,0.03985324038916992,1.0,0.11287017166614532
6,0.7825520833333334,0.03591090994369653,1.0,0.10052324086427689
7,0.7825520833333334,0.03108300789931996,0.994140625,0.08818564812342326
8,0.7803819444444444,0.027205430262256414,0.8834635416666666,0.08010505636533101
9,0.7595486111111112,0.0253464097622782,0.869140625,0.07872889811793964
10,0.755859375,0.023998355234248772,0.8684895833333334,0.07884322479367256
11,0.7526041666666666,0.022981230066054396,0.8704427083333334,0.07890220483144124
12,0.7508680555555556,0.021434923763283424,0.87109375,0.08009553700685501
13,0.7513020833333334,0.02041349950660434,0.873046875,0.07832704981168111
14,0.7543402777777778,0.019477139563403197,0.875,0.07759599263469379
15,0.7632378472222222,0.01857278294240435,0.8802083333333334,0.07461425537864368
16,0.7688802083333334,0.01795432443678793,0.8776041666666666,0.07515251512328784
17,0.7736545138888888,0.01717819005716592,0.8860677083333334,0.07186902562777202
18,0.8127170138888888,0.016863908883856818,0.8880208333333334,0.0699187492330869
19,0.7738715277777778,0.016095881777194638,0.8990885416666666,0.06971707319219907
0,0.3621961805555556,0.05770297431283527,1.0,0.1275924096504847
1,0.7825520833333334,0.05239472879717747,1.0,0.1273183673620224
2,0.7825520833333334,0.04788657370954752,1.0,0.12581210086743036
3,0.7825520833333334,0.044811839134328894,1.0,0.12002137303352356
4,0.7825520833333334,0.0425384221598506,1.0,0.1135269155104955
5,0.7825520833333334,0.03916665739638524,1.0,0.10103801637887955
6,0.7825520833333334,0.03457712874903033,1.0,0.08575112496813138
7,0.7769097222222222,0.028948134399898764,0.9231770833333334,0.07171151662866275
8,0.7556423611111112,0.02628379501402378,0.8776041666666666,0.07016925389568011
9,0.7517361111111112,0.023534866062820785,0.8756510416666666,0.06771093731125195
10,0.7439236111111112,0.02207716556990312,0.873046875,0.06934506446123123
11,0.7398003472222222,0.021821141786252458,0.8782552083333334,0.06781301895777385
12,0.7345920138888888,0.02016963188846906,0.8776041666666666,0.06853440403938293
13,0.7439236111111112,0.01890177159414937,0.8821614583333334,0.06846387063463528
14,0.7486979166666666,0.018050801215900317,0.8841145833333334,0.06827797368168831
15,0.75,0.017842121603381302,0.8997395833333334,0.06780757134159406
16,0.7580295138888888,0.017624807621662814,0.888671875,0.06679367894927661
17,0.7513020833333334,0.0173000153606861,0.8984375,0.06648487349351247
18,0.7671440972222222,0.016864037619800203,0.9127604166666666,0.06623823195695877
19,0.7610677083333334,0.01634864519453711,0.923828125,0.06491206462184589
0,0.08528645833333333,0.18925480544567108,1.0,0.42552236715952557
1,0.7825520833333334,0.12679311840070617,1.0,0.09282361591855685
2,0.7825520833333334,0.1775573351316982,1.0,0.09282361591855685
3,0.7825520833333334,0.1775573351316982,1.0,0.09282361591855685
4,0.7825520833333334,0.1775573351316982,1.0,0.09282361591855685
5,0.7825520833333334,0.1775573351316982,1.0,0.09282361591855685
6,0.7825520833333334,0.1775573351316982,1.0,0.09282361591855685
7,0.7825520833333334,0.1775573351316982,1.0,0.09282361591855685
8,0.7825520833333334,0.1775573351316982,1.0,0.09282361591855685
9,0.7825520833333334,0.1775573351316982,1.0,0.09282361591855685
10,0.7825520833333334,0.1775573351316982,1.0,0.09282361591855685
11,0.7825520833333334,0.1775573351316982,1.0,0.09282361591855685
12,0.7825520833333334,0.1775573351316982,1.0,0.09282361591855685
13,0.7825520833333334,0.1775573351316982,1.0,0.09282361591855685
14,0.7825520833333334,0.1775573351316982,1.0,0.09282361591855685
15,0.7825520833333334,0.1775573351316982,1.0,0.09282361591855685
16,0.7825520833333334,0.1775573351316982,1.0,0.09282361591855685
17,0.7825520833333334,0.1775573351316982,1.0,0.09282361591855685
18,0.7825520833333334,0.1775573351316982,1.0,0.09282361591855685
19,0.7825520833333334,0.1775573351316982,1.0,0.09282361591855685
20,0.7825520833333334,0.1775573351316982,1.0,0.09282361591855685
21,0.7825520833333334,0.1775573351316982,1.0,0.09282361591855685
22,0.7825520833333334,0.1775573351316982,1.0,0.09282361591855685
23,0.7825520833333334,0.1775573351316982,1.0,0.09282361591855685
24,0.7825520833333334,0.1775573351316982,1.0,0.09282361591855685
25,0.7825520833333334,0.1775573351316982,1.0,0.09282361591855685
26,0.7825520833333334,0.1775573351316982,1.0,0.09282361591855685
27,0.7825520833333334,0.1775573351316982,1.0,0.09282361591855685
28,0.7825520833333334,0.1775573351316982,1.0,0.09282361591855685
29,0.7825520833333334,0.1775573351316982,1.0,0.09282361591855685
30,0.7825520833333334,0.1775573351316982,1.0,0.09282361591855685
31,0.7825520833333334,0.1775573351316982,1.0,0.09282361591855685
32,0.7825520833333334,0.1775573351316982,1.0,0.09282361591855685
33,0.7825520833333334,0.1775573351316982,1.0,0.09282361591855685
34,0.7825520833333334,0.1775573351316982,1.0,0.09282361591855685
35,0.7825520833333334,0.1775573351316982,1.0,0.09282361591855685
36,0.7825520833333334,0.1775573351316982,1.0,0.09282361591855685
37,0.7825520833333334,0.1775573351316982,1.0,0.09282361591855685
38,0.7825520833333334,0.1775573351316982,1.0,0.09282361591855685
39,0.7825520833333334,0.1775573351316982,1.0,0.09282361591855685
40,0.7825520833333334,0.1775573351316982,1.0,0.09282361591855685
41,0.7825520833333334,0.1775573351316982,1.0,0.09282361591855685
42,0.7825520833333334,0.1775573351316982,1.0,0.09282361591855685
43,0.7825520833333334,0.1775573351316982,1.0,0.09282361591855685
44,0.7825520833333334,0.1775573351316982,1.0,0.09282361591855685
45,0.7825520833333334,0.1775573351316982,1.0,0.09282361591855685
46,0.7825520833333334,0.1775573351316982,1.0,0.09282361591855685
47,0.7825520833333334,0.1775573351316982,1.0,0.09282361591855685
48,0.7825520833333334,0.1775573351316982,1.0,0.09282361591855685
49,0.7825520833333334,0.1775573351316982,1.0,0.09282361591855685
50,0.7825520833333334,0.1775573351316982,1.0,0.09282361591855685
51,0.7825520833333334,0.1775573351316982,1.0,0.09282361591855685
52,0.7825520833333334,0.1775573351316982,1.0,0.09282361591855685
53,0.7825520833333334,0.1775573351316982,1.0,0.09282361591855685
54,0.7825520833333334,0.1775573351316982,1.0,0.09282361591855685
55,0.7825520833333334,0.1775573351316982,1.0,0.09282361591855685
56,0.7825520833333334,0.1775573351316982,1.0,0.09282361591855685
57,0.7825520833333334,0.1775573351316982,1.0,0.09282361591855685
58,0.7825520833333334,0.1775573351316982,1.0,0.09282361591855685
59,0.7825520833333334,0.1775573351316982,1.0,0.09282361591855685
0,0.037109375,0.3426414339078797,0.0,0.6832897265752157
1,0.06640625,0.36438676549328697,0.0,0.6832897265752157
2,0.06640625,0.36438676549328697,0.0,0.6832897265752157
3,0.06640625,0.36438676549328697,0.0,0.6832897265752157
4,0.06640625,0.36438676549328697,0.0,0.6832897265752157
5,0.06640625,0.36438676549328697,0.0,0.6832897265752157
6,0.06640625,0.36438676549328697,0.0,0.6832897265752157
7,0.06640625,0.36438676549328697,0.0,0.6832897265752157
8,0.06640625,0.36438676549328697,0.0,0.6832897265752157
9,0.06640625,0.36438676549328697,0.0,0.6832897265752157
10,0.06640625,0.36438676549328697,0.0,0.6832897265752157
11,0.06640625,0.36438676549328697,0.0,0.6832897265752157
12,0.06640625,0.36438676549328697,0.0,0.6832897265752157
13,0.06640625,0.36438676549328697,0.0,0.6832897265752157
14,0.06640625,0.36438676549328697,0.0,0.6832897265752157
15,0.06640625,0.36438676549328697,0.0,0.6832897265752157
16,0.06640625,0.36438676549328697,0.0,0.6832897265752157
17,0.06640625,0.36438676549328697,0.0,0.6832897265752157
18,0.06640625,0.36438676549328697,0.0,0.6832897265752157
19,0.06640625,0.36438676549328697,0.0,0.6832897265752157
20,0.06640625,0.36438676549328697,0.0,0.6832897265752157
21,0.06640625,0.36438676549328697,0.0,0.6832897265752157
22,0.06640625,0.36438676549328697,0.0,0.6832897265752157
23,0.06640625,0.36438676549328697,0.0,0.6832897265752157
24,0.06640625,0.36438676549328697,0.0,0.6832897265752157
25,0.06640625,0.36438676549328697,0.0,0.6832897265752157
26,0.06640625,0.36438676549328697,0.0,0.6832897265752157
27,0.06640625,0.36438676549328697,0.0,0.6832897265752157
28,0.06640625,0.36438676549328697,0.0,0.6832897265752157
29,0.06640625,0.36438676549328697,0.0,0.6832897265752157
30,0.06640625,0.36438676549328697,0.0,0.6832897265752157
31,0.06640625,0.36438676549328697,0.0,0.6832897265752157
32,0.06640625,0.36438676549328697,0.0,0.6832897265752157
33,0.06640625,0.36438676549328697,0.0,0.6832897265752157
34,0.06640625,0.36438676549328697,0.0,0.6832897265752157
35,0.06640625,0.36438676549328697,0.0,0.6832897265752157
36,0.06640625,0.36438676549328697,0.0,0.6832897265752157
37,0.06640625,0.36438676549328697,0.0,0.6832897265752157
38,0.06640625,0.36438676549328697,0.0,0.6832897265752157
39,0.06640625,0.36438676549328697,0.0,0.6832897265752157
40,0.06640625,0.36438676549328697,0.0,0.6832897265752157
41,0.06640625,0.36438676549328697,0.0,0.6832897265752157
42,0.06640625,0.36438676549328697,0.0,0.6832897265752157
43,0.06640625,0.36438676549328697,0.0,0.6832897265752157
44,0.06640625,0.36438676549328697,0.0,0.6832897265752157
45,0.06640625,0.36438676549328697,0.0,0.6832897265752157
46,0.06640625,0.36438676549328697,0.0,0.6832897265752157
47,0.06640625,0.36438676549328697,0.0,0.6832897265752157
48,0.06640625,0.36438676549328697,0.0,0.6832897265752157
49,0.06640625,0.36438676549328697,0.0,0.6832897265752157
50,0.06640625,0.36438676549328697,0.0,0.6832897265752157
51,0.06640625,0.36438676549328697,0.0,0.6832897265752157
52,0.06640625,0.36438676549328697,0.0,0.6832897265752157
53,0.06640625,0.36438676549328697,0.0,0.6832897265752157
54,0.06640625,0.36438676549328697,0.0,0.6832897265752157
55,0.06640625,0.36438676549328697,0.0,0.6832897265752157
56,0.06640625,0.36438676549328697,0.0,0.6832897265752157
57,0.06640625,0.36438676549328697,0.0,0.6832897265752157
58,0.06640625,0.36438676549328697,0.0,0.6832897265752157
59,0.06640625,0.36438676549328697,0.0,0.6832897265752157
0,0.3997395833333333,0.05870264251199034,1.0,0.10953254004319508
1,0.7825520833333334,0.05591719243158069,1.0,0.11735921601454417
2,0.7825520833333334,0.05001154466946092,1.0,0.11897256970405579
3,0.7825520833333334,0.048271196713257164,1.0,0.12055349846680959
4,0.7825520833333334,0.04624862994791733,1.0,0.11927681664625804
5,0.7825520833333334,0.045332907466217875,1.0,0.11582952241102855
6,0.7825520833333334,0.044893056982093386,1.0,0.11513195435206096
7,0.7825520833333334,0.043928760181491576,1.0,0.11294995248317719
8,0.7825520833333334,0.04240711576615771,1.0,0.10963845252990723
9,0.7825520833333334,0.04022625456046727,1.0,0.10219095647335052
10,0.7825520833333334,0.03770755404709942,1.0,0.0909256562590599
11,0.7825520833333334,0.033644808611522116,1.0,0.07809873421986897
12,0.7784288194444444,0.028599970961093076,0.931640625,0.07106679926315944
13,0.7688802083333334,0.025408369437274005,0.87890625,0.06986043353875478
14,0.7523871527777778,0.02378460775879729,0.876953125,0.06831169004241626
15,0.7404513888888888,0.02180384041275829,0.8756510416666666,0.06814073771238327
16,0.744140625,0.020904512002339795,0.876953125,0.06991267080108325
17,0.7504340277777778,0.01940422083458139,0.87890625,0.06878675644596417
18,0.7513020833333334,0.01865993301746332,0.8841145833333334,0.06832763801018397
19,0.7630208333333334,0.017730661667883396,0.8880208333333334,0.06771427889664967
0,0.5123697916666666,0.05429476437469324,1.0,0.1456130395332972
1,0.7825520833333334,0.04926596173188753,1.0,0.1312428042292595
2,0.7825520833333334,0.04726137008724941,1.0,0.12766856451829275
3,0.7825520833333334,0.04384444793686271,1.0,0.11853008717298508
4,0.7825520833333334,0.04151628166437149,1.0,0.11150053640206654
5,0.7825520833333334,0.036826174001261175,1.0,0.10234355678160985
6,0.7825520833333334,0.031501672502296664,1.0,0.08768366277217865
7,0.7875434027777778,0.027947065226423245,0.9212239583333334,0.07907853772242864
8,0.7823350694444444,0.025947680386404198,0.8697916666666666,0.07829853768150012
9,0.7881944444444444,0.025461749380661383,0.865234375,0.07878955577810605
10,0.78515625,0.02443438393270804,0.8671875,0.07562117278575897
11,0.7797309027777778,0.02354465528494782,0.8697916666666666,0.07324537013967831
12,0.7721354166666666,0.022420187066826556,0.8697916666666666,0.07501865799228351
13,0.7797309027777778,0.0213435022936513,0.8723958333333334,0.07309660315513611
14,0.7786458333333334,0.020654560170239873,0.8736979166666666,0.07199504847327869
15,0.7834201388888888,0.01940997754637566,0.8723958333333334,0.07363016158342361
16,0.7853732638888888,0.019453895123054583,0.87890625,0.07107654586434364
17,0.7970920138888888,0.01857038208335224,0.8743489583333334,0.07383818676074345
18,0.7912326388888888,0.018594222298512857,0.8782552083333334,0.07404507448275884
19,0.8094618055555556,0.018157674530003633,0.8782552083333334,0.07200271387894948
20,0.7901475694444444,0.017854738113884296,0.8782552083333334,0.07325649634003639
21,0.8127170138888888,0.017489220649521384,0.884765625,0.06904284531871478
22,0.7879774305555556,0.017177405146261055,0.8860677083333334,0.06798438852032025
23,0.8103298611111112,0.016956071162389383,0.916015625,0.06618015840649605
24,0.7875434027777778,0.01641673558495111,0.9309895833333334,0.06469620391726494
25,0.8155381944444444,0.01572004589252174,0.9674479166666666,0.05938637753327688
26,0.7888454861111112,0.015342759951535199,0.986328125,0.05627719188729922
27,0.8070746527777778,0.013721425603661273,0.98046875,0.04804626852273941
28,0.8211805555555556,0.013544563191115029,1.0,0.04904556771119436
29,0.8211805555555556,0.009720949003369443,0.9993489583333334,0.04016585213442644
30,0.8233506944444444,0.01023319388170623,1.0,0.04646155362327894
31,0.828125,0.008390287842808498,1.0,0.035572173073887825
32,0.8107638888888888,0.008207044486577312,1.0,0.0475594736635685
33,0.8190104166666666,0.007525985171216437,1.0,0.04325897743304571
34,0.7549913194444444,0.007786130351531837,1.0,0.0326776389653484
35,0.8342013888888888,0.006455181205334763,1.0,0.038035077353318535
36,0.8200954861111112,0.00852868673650341,1.0,0.035982792265713215
37,0.8446180555555556,0.006708523374982178,0.9993489583333334,0.04010473440090815
38,0.7706163194444444,0.004818678781804111,1.0,0.03431117503593365
39,0.8368055555555556,0.00841687411432051,1.0,0.04145698125163714
0,0.4694010416666667,0.05343066114518377,1.0,0.10721801469723384
1,0.7825520833333334,0.055678416017649904,1.0,0.11383567253748576
2,0.7825520833333334,0.049936121277925044,1.0,0.11632038652896881
3,0.7825520833333334,0.046330514234594174,1.0,0.11327225218216579
4,0.7825520833333334,0.04367789773580929,1.0,0.10450391719738643
5,0.7825520833333334,0.041246483749192625,1.0,0.0964607298374176
6,0.7825520833333334,0.03630483079339481,1.0,0.08659279843171437
7,0.7697482638888888,0.0309612437720514,1.0,0.07607513666152954
8,0.7671440972222222,0.02670419270483156,0.8977864583333334,0.07260981698830922
9,0.7693142361111112,0.024634418051896825,0.8795572916666666,0.06912100811799367
10,0.763671875,0.02334970750639008,0.87890625,0.06850944211085637
11,0.7584635416666666,0.021212301372239988,0.90625,0.07052306334177653
12,0.7760416666666666,0.01947015705001023,0.9772135416666666,0.05945731078584989
13,0.77734375,0.018184616308038432,1.0,0.05092927316824595
14,0.7697482638888888,0.015147301420155499,1.0,0.051906666407982506
15,0.7858072916666666,0.012398128333087597,1.0,0.04917722630004088
16,0.7905815972222222,0.01115220407437947,1.0,0.04903151591618856
17,0.8305121527777778,0.009579120747124156,1.0,0.04780257058640321
18,0.7892795138888888,0.008889958676364686,1.0,0.046224672347307205
19,0.8177083333333334,0.0069698668861140805,1.0,0.04303234194715818
20,0.7701822916666666,0.005905631412234571,1.0,0.04097265563905239
21,0.7994791666666666,0.007917492857409848,1.0,0.04318763129413128
22,0.7862413194444444,0.006940224557183683,1.0,0.038002109775940575
23,0.8404947916666666,0.009227579847599069,1.0,0.047791278610626854
24,0.7782118055555556,0.004283230221416388,1.0,0.03644315401713053
25,0.7990451388888888,0.006703546658779184,1.0,0.03982574989398321
26,0.8411458333333334,0.010687891161069274,1.0,0.03982436656951904
27,0.8090277777777778,0.0052589196841129,1.0,0.04115033273895582
28,0.8363715277777778,0.008881645872154169,1.0,0.038401302260657154
29,0.7706163194444444,0.005871057587986191,1.0,0.04009453083078066
30,0.7740885416666666,0.005668519439900087,1.0,0.03830165043473244
31,0.857421875,0.00959011123308705,1.0,0.03697853970030943
32,0.7782118055555556,0.004706837728412615,1.0,0.038599783554673195
33,0.8543836805555556,0.009033404083715545,1.0,0.03294744777182738
34,0.7862413194444444,0.005553072848771181,1.0,0.037244691203037895
35,0.8153211805555556,0.007642150300347971,1.0,0.03527513643105825
36,0.8051215277777778,0.0038605629104293054,1.0,0.0319907416899999
37,0.7838541666666666,0.007317603268246684,1.0,0.039315253496170044
38,0.7502170138888888,0.004548270410547654,1.0,0.03395984321832657
39,0.7979600694444444,0.006129692903616362,1.0,0.03234116484721502
0,0.5123697916666666,0.048931231515275106,1.0,0.10618408769369125
1,0.7825520833333334,0.056857286383294396,1.0,0.11828347047170003
2,0.7825520833333334,0.04898470060692893,1.0,0.12003312011559804
3,0.7825520833333334,0.044504347153835826,1.0,0.11449302236239116
4,0.7825520833333334,0.04086739430204034,1.0,0.1053477277358373
5,0.7825520833333334,0.03530158162013524,1.0,0.09170701851447423
6,0.7775607638888888,0.029313740514529247,0.9016927083333334,0.07941037664810817
7,0.7580295138888888,0.02539131827911155,0.8697916666666666,0.07369500398635864
8,0.7339409722222222,0.023655745504786156,0.8671875,0.07381785164276759
9,0.7144097222222222,0.022856775826464098,0.869140625,0.07319968442122142
10,0.7356770833333334,0.020878407903688237,0.8684895833333334,0.07094048957029979
11,0.7398003472222222,0.02117221413128492,0.869140625,0.07497454310456912
12,0.7365451388888888,0.01917230195572807,0.8776041666666666,0.07575686151782672
13,0.7530381944444444,0.01839507060746352,0.8776041666666666,0.07567379996180534
14,0.7584635416666666,0.01848838345095929,0.8841145833333334,0.07213014488418897
15,0.7621527777777778,0.018052807543426752,0.8795572916666666,0.0733744849761327
16,0.7662760416666666,0.018247410279905632,0.8841145833333334,0.07298982640107472
17,0.7710503472222222,0.017851549718115065,0.8841145833333334,0.07350575054685275
18,0.7842881944444444,0.017550360928806994,0.8899739583333334,0.072329497585694
19,0.7699652777777778,0.017272226331341598,0.892578125,0.0711350863178571
20,0.7962239583333334,0.017235792403678514,0.8919270833333334,0.07080322752396266
21,0.7825520833333334,0.017030887338074133,0.9069010416666666,0.0702802836894989
22,0.8070746527777778,0.01657358489723669,0.9205729166666666,0.06894647950927417
23,0.7803819444444444,0.016274452830354374,0.919921875,0.06787840649485588
24,0.7862413194444444,0.01641833312007495,0.9283854166666666,0.06511042515436809
25,0.7801649305555556,0.01572378310892317,0.9283854166666666,0.06542334457238515
26,0.7947048611111112,0.01653166008569921,0.9811197916666666,0.06296261896689732
27,0.7699652777777778,0.014980543146116866,0.966796875,0.0620417445898056
28,0.8092447916666666,0.015526227336118205,0.9934895833333334,0.057812356079618134
29,0.8077256944444444,0.012734272646614246,0.9850260416666666,0.055345334112644196
30,0.8181423611111112,0.01432174634343634,1.0,0.05168598331511021
31,0.8059895833333334,0.01008509504996861,1.0,0.04257811978459358
32,0.8153211805555556,0.010967886579843858,1.0,0.04054078087210655
33,0.8014322916666666,0.005866086783094538,1.0,0.033482191152870655
34,0.8133680555555556,0.0064624036765760845,1.0,0.03591686487197876
35,0.8075086805555556,0.004340875253546983,1.0,0.030523959857722122
36,0.7482638888888888,0.004183771830867045,1.0,0.03248291835188866
37,0.8487413194444444,0.008052545858340131,1.0,0.03040680227180322
38,0.8096788194444444,0.004261140106892627,1.0,0.030973816911379497
39,0.8563368055555556,0.006264071898638374,1.0,0.028481475388010342
0,0.3402777777777778,0.057461036576165095,1.0,0.141274963816007
1,0.7825520833333334,0.04929165614561902,1.0,0.13318334023157755
2,0.7825520833333334,0.047317578767736755,1.0,0.13201338052749634
3,0.7825520833333334,0.04569760841938356,1.0,0.13014142960309982
4,0.7825520833333334,0.04489073731626073,1.0,0.12873627742131552
5,0.7825520833333334,0.043636198052101664,1.0,0.12595595916112265
6,0.7825520833333334,0.04275244676197568,1.0,0.1235447848836581
7,0.7825520833333334,0.041305183743437134,1.0,0.11859417955080669
8,0.7825520833333334,0.03995225015872469,1.0,0.11385891834894817
9,0.7825520833333334,0.037529128396676645,1.0,0.10598851243654887
10,0.7825520833333334,0.03473511821357533,1.0,0.09596236298481624
11,0.7827690972222222,0.031229125833811447,0.994140625,0.08552290126681328
12,0.8042534722222222,0.028442656291493524,0.9055989583333334,0.08162644257148106
13,0.8111979166666666,0.026721178864439327,0.876953125,0.07882062097390492
14,0.8172743055555556,0.0255486527716534,0.8743489583333334,0.07681552569071452
15,0.7916666666666666,0.024933384214010503,0.87109375,0.07598668336868286
16,0.794921875,0.02361608881296383,0.8697916666666666,0.07492462545633316
17,0.7788628472222222,0.022700826896147594,0.87109375,0.07251920426885287
18,0.7766927083333334,0.0218241424817178,0.87109375,0.07412950446208318
19,0.7732204861111112,0.020508740950996678,0.873046875,0.07287243753671646
20,0.779296875,0.019563106069755223,0.8743489583333334,0.07265231261650722
21,0.787109375,0.018744416638380952,0.875,0.07355499515930812
22,0.7962239583333334,0.01797128836106923,0.8776041666666666,0.07200699672102928
23,0.7979600694444444,0.017610979835606284,0.8795572916666666,0.07146305715044339
24,0.7960069444444444,0.017339946469292045,0.8815104166666666,0.07017882044116656
25,0.8046875,0.0174183817839043,0.8834635416666666,0.06978309899568558
26,0.7825520833333334,0.016937298726083502,0.8815104166666666,0.07144956042369206
27,0.802734375,0.01666823342545993,0.8841145833333334,0.06973964969317119
28,0.7840711805555556,0.016682825685064826,0.8841145833333334,0.0709243876238664
29,0.8075086805555556,0.016232059544159308,0.8841145833333334,0.06951059649387996
30,0.7760416666666666,0.01662663916229374,0.8873697916666666,0.069991418470939
31,0.8088107638888888,0.0159342835088157,0.884765625,0.06951617946227391
32,0.8114149305555556,0.015797130349609587,0.884765625,0.06948491310079892
33,0.8064236111111112,0.015788420381593622,0.8854166666666666,0.07077378531297047
34,0.8098958333333334,0.01532663699860374,0.8854166666666666,0.07059868052601814
35,0.7630208333333334,0.016671945522021916,0.8932291666666666,0.06938484435280164
36,0.8101128472222222,0.015242424379620288,0.88671875,0.07013423119982083
37,0.8289930555555556,0.01537585764243785,0.8873697916666666,0.07131752620140712
38,0.7619357638888888,0.01570441427692357,0.923828125,0.06956001867850621
39,0.7936197916666666,0.017001446646948654,0.9114583333333334,0.06805772706866264
0,0.1890190972222222,0.06342839325467746,1.0,0.17016400893529257
1,0.7825520833333334,0.046968237600392766,1.0,0.14048901200294495
2,0.7825520833333334,0.04539828005039857,1.0,0.128775122265021
3,0.7825520833333334,0.04544107481423351,1.0,0.12543747325738272
4,0.7825520833333334,0.045378852299311094,1.0,0.12561833361784616
5,0.7825520833333334,0.044314508171131216,1.0,0.12337312350670497
6,0.7825520833333334,0.04391749146290951,1.0,0.1226553941766421
7,0.7825520833333334,0.0431083453198274,1.0,0.11941832800706227
8,0.7825520833333334,0.04195181940061351,1.0,0.11727771659692128
9,0.7825520833333334,0.040334448502916426,1.0,0.11020636061827342
10,0.7825520833333334,0.037750553934731416,1.0,0.09755867968002956
0,0.22916666666666666,0.0601671998285585,1.0,0.16126862416664758
1,0.7825520833333334,0.04699792293831706,1.0,0.13954916348059973
2,0.7825520833333334,0.045672087024690375,1.0,0.1288838634888331
3,0.7825520833333334,0.04540801094844937,1.0,0.1265158181389173
4,0.7825520833333334,0.04356025751783616,1.0,0.12151451657215755
5,0.7825520833333334,0.04172399378795591,1.0,0.11235279589891434
6,0.7825520833333334,0.03959402933509813,1.0,0.10131329546372096
7,0.7825520833333334,0.03531212516180757,1.0,0.08740116159121196
8,0.7758246527777778,0.03078772623040196,0.990234375,0.07711413005987804
9,0.7758246527777778,0.028497978424032528,0.8958333333333334,0.07344450304905574
10,0.8094618055555556,0.026391609908185072,0.8834635416666666,0.07058182482918103
11,0.7799479166666666,0.025845189527091052,0.8834635416666666,0.06951807315150897
12,0.7730034722222222,0.024176698773064546,0.8802083333333334,0.07008351385593414
13,0.7686631944444444,0.023537858699758846,0.8841145833333334,0.06719924385348956
14,0.7747395833333334,0.02206094037844903,0.8841145833333334,0.06692852824926376
15,0.7862413194444444,0.020563081476009555,0.8834635416666666,0.06694602842132251
16,0.7864583333333334,0.02006209918504788,0.888671875,0.0667755405108134
17,0.7892795138888888,0.019308958823482197,0.8880208333333334,0.06663991883397102
18,0.7877604166666666,0.018524369237841003,0.8880208333333334,0.06658036385973294
19,0.7897135416666666,0.018025552440020774,0.892578125,0.06514845664302508
20,0.7884114583333334,0.017516052182246413,0.8984375,0.06514716520905495
21,0.7886284722222222,0.016959792455761798,0.90625,0.06504953404267629
22,0.7864583333333334,0.01664262200291786,0.9557291666666666,0.06266779700915019
23,0.8025173611111112,0.01564111273425321,0.9420572916666666,0.060307130217552185
24,0.8029513888888888,0.01644790765001542,0.9921875,0.056865318367878594
25,0.8135850694444444,0.013718120934855606,0.9954427083333334,0.05110182240605354
26,0.8231336805555556,0.014932293018015722,1.0,0.05041483789682388
27,0.8203125,0.011134901782497764,1.0,0.04469530594845613
28,0.8289930555555556,0.012629102837915221,1.0,0.04775787144899368
29,0.8131510416666666,0.00876417056295193,1.0,0.04535622956852118
30,0.7884114583333334,0.009473968892254762,1.0,0.04497290154298147
31,0.7782118055555556,0.008887029278816449,1.0,0.042253884176413216
32,0.7471788194444444,0.007332302836908234,1.0,0.041954390704631805
33,0.7541232638888888,0.005775477426747481,1.0,0.04341377690434456
34,0.833984375,0.007722676783386204,1.0,0.04146351789434751
35,0.7790798611111112,0.008128813053998683,1.0,0.04103526100516319
36,0.814453125,0.0071997619492726195,1.0,0.03957060786585013
37,0.779296875,0.006700369943347242,1.0,0.041223821540673576
38,0.8101128472222222,0.0069766362559878165,1.0,0.039820424591501556
39,0.7725694444444444,0.006326674250885844,1.0,0.0446773370107015
0,0.5944010416666666,0.059356129417816796,1.0,0.14327708383401236
1,0.7825520833333334,0.04817273074554072,1.0,0.13029067715009054
2,0.7825520833333334,0.046198204884098634,1.0,0.12914484242598215
3,0.7825520833333334,0.04453096285255419,1.0,0.12866846223672232
4,0.7825520833333334,0.042733792008625135,1.0,0.1268608719110489
5,0.7825520833333334,0.040941636724811464,1.0,0.1239997868736585
6,0.7825520833333334,0.03843054346119364,1.0,0.11684573441743851
7,0.7825520833333334,0.036159217771556645,1.0,0.11116860061883926
8,0.7825520833333334,0.03313567015963296,1.0,0.10505857566992442
9,0.7884114583333334,0.029965600606778428,1.0,0.0980972945690155
10,0.7775607638888888,0.027374457192814186,1.0,0.09386668105920155
11,0.7782118055555556,0.025224420578322478,1.0,0.09032801538705826
12,0.7554253472222222,0.023563070196865335,1.0,0.08790026356776555
13,0.7599826388888888,0.0222870086112784,0.9830729166666666,0.08612710237503052
14,0.7571614583333334,0.021364332202615008,0.9739583333333334,0.08473676443099976
15,0.7669270833333334,0.020572420675307512,0.9694010416666666,0.08370863397916158
16,0.7610677083333334,0.019848720584478643,0.966796875,0.08274008830388387
17,0.771484375,0.019216195499110553,0.966796875,0.08192904541889827
18,0.7758246527777778,0.01871732912129826,0.966796875,0.08136259391903877
19,0.7749565972222222,0.0182672678751664,0.974609375,0.08056120574474335
0,0.4084201388888889,0.06119162423743142,1.0,0.1752027173837026
1,0.7825520833333334,0.047036747758587204,1.0,0.16100248197714487
2,0.7825520833333334,0.04289073476360904,1.0,0.15322584410508475
3,0.7825520833333334,0.042080899907482996,1.0,0.1479396695892016
4,0.7825520833333334,0.04161413251939747,1.0,0.14390100042025247
5,0.7825520833333334,0.04101797224332889,1.0,0.14015155782302222
6,0.7825520833333334,0.04035816170896093,1.0,0.13703769942124686
7,0.7825520833333334,0.03959776756043235,1.0,0.13373813529809317
8,0.7825520833333334,0.038528151189287506,1.0,0.1302852580944697
9,0.7825520833333334,0.03724666151942478,1.0,0.12582718084255853
10,0.7825520833333334,0.03551214253012505,1.0,0.12040569384892781
11,0.7825520833333334,0.033438643783382654,1.0,0.11454303562641144
12,0.7825520833333334,0.03091762333901392,1.0,0.10756733020146687
13,0.787109375,0.028209475774524942,0.998046875,0.09999936819076538
14,0.7912326388888888,0.026259096378150087,0.974609375,0.09548771878083546
15,0.7992621527777778,0.025274598660568397,0.8958333333333334,0.09296365827322006
16,0.7990451388888888,0.024836345834450588,0.8841145833333334,0.09139798333247502
17,0.8049045138888888,0.024446882902541094,0.876953125,0.09083323677380879
18,0.8179253472222222,0.024028115414289966,0.8763020833333334,0.08955452467004459
19,0.8181423611111112,0.02360627805400226,0.8776041666666666,0.0880237693587939
0,0.3891059027777778,0.06365780118438932,1.0,0.1743874897559484
1,0.7825520833333334,0.049323029816150665,1.0,0.15651788065830866
2,0.7825520833333334,0.04334060837411218,1.0,0.14720483124256134
3,0.7825520833333334,0.04253595865642031,1.0,0.14293971409400305
4,0.7825520833333334,0.042069744111763105,1.0,0.13764480501413345
5,0.7825520833333334,0.042449788759566016,1.0,0.13673749566078186
6,0.7825520833333334,0.042207639974852405,1.0,0.1370608260234197
7,0.7825520833333334,0.04175796189034978,1.0,0.13636826227108637
8,0.7825520833333334,0.04137481992236442,1.0,0.13547874987125397
9,0.7825520833333334,0.04090916745675107,1.0,0.13442445794741312
10,0.7825520833333334,0.04025749957913326,1.0,0.13266209264596304
11,0.7825520833333334,0.03947583156534367,1.0,0.1306165556112925
12,0.7825520833333334,0.03834097338322964,1.0,0.12720813353856406
13,0.7825520833333334,0.036942749206597604,1.0,0.12328118085861206
14,0.7825520833333334,0.034864874453180365,1.0,0.1182553619146347
15,0.7825520833333334,0.032284965040162206,1.0,0.1121478130420049
16,0.7825520833333334,0.029837027489621606,1.0,0.10532624522844951
17,0.7892795138888888,0.027981713918658595,0.9986979166666666,0.09916827330986659
18,0.7862413194444444,0.026762147071874805,0.9752604166666666,0.09457299982508023
19,0.7764756944444444,0.026173130486212257,0.9134114583333334,0.09256924316287041
0,0.2686631944444444,0.061890559270977974,1.0,0.17011470595995584
1,0.7825520833333334,0.04510131147172716,1.0,0.14693894982337952
2,0.7825520833333334,0.04226973570055432,1.0,0.13911593208710352
3,0.7825520833333334,0.04181610854963461,1.0,0.13526413341363272
4,0.7825520833333334,0.04119164918342398,1.0,0.13264253238836923
5,0.7825520833333334,0.04053158157815536,1.0,0.1299701283375422
6,0.7825520833333334,0.039682412727011576,1.0,0.12739870448907217
7,0.7825520833333334,0.038448839991663895,1.0,0.12375897665818532
8,0.7825520833333334,0.03696116481700705,1.0,0.11953998853762944
9,0.7825520833333334,0.035159069682574935,1.0,0.1138187050819397
10,0.7825520833333334,0.032679525727871805,1.0,0.10612153013547261
11,0.7825520833333334,0.030186114975044295,1.0,0.10004221772154172
12,0.7873263888888888,0.02762296163321783,0.9928385416666666,0.09442868828773499
13,0.779296875,0.026111884139633428,0.9466145833333334,0.09015444541970889
14,0.7606336805555556,0.02520941252199312,0.900390625,0.08762943496306737
15,0.7628038194444444,0.02455258472926087,0.8899739583333334,0.08575506508350372
16,0.7703993055555556,0.023801683706955776,0.8873697916666666,0.08374962210655212
17,0.7745225694444444,0.023134228100793228,0.8860677083333334,0.08257170518239339
18,0.7669270833333334,0.02239863178692758,0.8854166666666666,0.08097037921349208
19,0.771484375,0.021789129357784986,0.8873697916666666,0.0790867197016875
0,0.4578993055555556,0.05646587680611345,1.0,0.11570421357949574
1,0.7825520833333334,0.05248515406209561,1.0,0.12041034301122029
2,0.7825520833333334,0.04899829812347889,1.0,0.12440899511178334
3,0.7825520833333334,0.046328614414152175,1.0,0.1256093829870224
4,0.7825520833333334,0.04439344603775276,1.0,0.12483112514019012
5,0.7825520833333334,0.04242712507645289,1.0,0.12188672522703807
6,0.7825520833333334,0.03978173703783088,1.0,0.11584144333998363
7,0.7825520833333334,0.03616175911803213,1.0,0.10381137828032176
8,0.7825520833333334,0.031832865943821766,1.0,0.09036110962430637
9,0.7899305555555556,0.028875315859396424,0.9596354166666666,0.08281244834264119
10,0.8053385416666666,0.026867891519537404,0.8782552083333334,0.08002974341313045
11,0.8185763888888888,0.02577894212057193,0.876953125,0.07775141671299934
12,0.7819010416666666,0.025035704641292494,0.8776041666666666,0.07617419461409251
13,0.7953559027777778,0.023910919126744073,0.8776041666666666,0.07484552015860875
14,0.7903645833333334,0.02294469190140565,0.876953125,0.07516355315844218
15,0.7975260416666666,0.021587425377219915,0.8776041666666666,0.07405138636628787
16,0.7912326388888888,0.021270912567464013,0.8821614583333334,0.0719196026523908
17,0.7947048611111112,0.019681949485352054,0.8795572916666666,0.07239499191443126
18,0.7994791666666666,0.019201294192397553,0.9186197916666666,0.07103137175242107
19,0.7866753472222222,0.018762413308852248,0.9283854166666666,0.07104237874348958
0,0.014973958333333334,0.06977921227614085,1.0,0.19713349640369415
1,0.21354166666666666,0.06363430205318663,1.0,0.17841341098149618
2,0.7825520833333334,0.05342699007855521,1.0,0.15674777328968048
3,0.7825520833333334,0.04516948304242558,1.0,0.14143169422944388
4,0.7825520833333334,0.0429297246866756,1.0,0.13535558183987936
5,0.7825520833333334,0.04208529388739003,1.0,0.13028437892595926
6,0.7825520833333334,0.04150672686389751,1.0,0.12614459296067557
7,0.7825520833333334,0.040821837830460735,1.0,0.12220592548449834
8,0.7825520833333334,0.03969531084617807,1.0,0.11590539912382762
9,0.7825520833333334,0.03868793251199855,1.0,0.10870911180973053
10,0.7825520833333334,0.036925623296863504,1.0,0.09917080774903297
11,0.7825520833333334,0.03432730217981669,1.0,0.08971108496189117
12,0.7825520833333334,0.03082870485054122,1.0,0.0814146672685941
13,0.7866753472222222,0.02700444411796828,1.0,0.07616015026966731
14,0.7740885416666666,0.02412388371562378,1.0,0.07373758405447006
15,0.7235243055555556,0.022809532018274896,1.0,0.07273906096816063
16,0.7317708333333334,0.02138290180462516,1.0,0.07183004419008891
17,0.6846788194444444,0.020195634531167645,1.0,0.07103913898269336
18,0.6792534722222222,0.01902463250896997,1.0,0.07031765828529994
19,0.6829427083333334,0.018104487797245383,1.0,0.0697432594994704
0,0.12608506944444445,0.06595156755712298,1.0,0.1898681124051412
1,0.7825520833333334,0.05102931770185629,1.0,0.17192641894022623
2,0.7825520833333334,0.044036139009727374,1.0,0.1592876836657524
3,0.7825520833333334,0.042344671156671315,1.0,0.1508618171016375
4,0.7825520833333334,0.041805813709894814,1.0,0.14472712576389313
5,0.7825520833333334,0.041419680489020214,1.0,0.1404397338628769
6,0.7825520833333334,0.04112313617952168,1.0,0.1375617285569509
7,0.7825520833333334,0.04064136976376176,1.0,0.13501263161500296
8,0.7825520833333334,0.039926518272194594,1.0,0.13256612916787466
9,0.7825520833333334,0.03913965601370566,1.0,0.12979293862978616
10,0.7825520833333334,0.0383643496574627,1.0,0.12685324748357138
11,0.7825520833333334,0.03720300404044489,1.0,0.12328735490640004
12,0.7825520833333334,0.035654921964224845,1.0,0.11955427875121434
13,0.7825520833333334,0.03356414911751118,1.0,0.11367730051279068
14,0.7825520833333334,0.031237868184689432,1.0,0.10730850944916408
15,0.7858072916666666,0.02913964285592859,1.0,0.10267714659372966
16,0.7723524305555556,0.027883354781402483,0.9915364583333334,0.09960708146293958
17,0.759765625,0.026923470781184733,0.966796875,0.09683183828989665
18,0.7601996527777778,0.026174789294600487,0.9075520833333334,0.09466291218996048
19,0.7601996527777778,0.025582855903647013,0.8919270833333334,0.09356080740690231
0,0.4787326388888889,0.0643781651225355,0.18489583333333334,0.0986428273220857
1,0.22374131944444445,0.047917391483982406,0.4869791666666667,0.07474007954200108
2,0.6647135416666666,0.03659772572831975,0.4869791666666667,0.06178824913998445
3,0.6647135416666666,0.03258290917923053,0.4869791666666667,0.056112817178169884
4,0.6647135416666666,0.031233107722881768,0.4869791666666667,0.05328849827249845
5,0.6647135416666666,0.030373465735465288,0.4869791666666667,0.051324889063835144
6,0.6647135416666666,0.029459126862800784,0.4908854166666667,0.04943040696283182
7,0.6312934027777778,0.0284822977717138,0.4856770833333333,0.04739274084568024
8,0.6163194444444444,0.027352730756522052,0.4830729166666667,0.045191566770275436
9,0.5980902777777778,0.025706445461966924,0.4798177083333333,0.042405012995004654
10,0.5915798611111112,0.02389973934946789,0.47265625,0.03899293268720309
11,0.5753038194444444,0.02146190285889639,0.458984375,0.03471619294335445
12,0.5703125,0.018302340325640723,0.4479166666666667,0.029671477774779003
13,0.5551215277777778,0.014727128837775025,0.4388020833333333,0.024878977177043755
14,0.5529513888888888,0.011574448474372426,0.4485677083333333,0.020901193066189688
15,0.5661892361111112,0.009529048525210883,0.4381510416666667,0.018402668957908947
16,0.5540364583333334,0.008473982103168964,0.4309895833333333,0.017299539875239134
17,0.5483940972222222,0.00794240391244077,0.4296875,0.01680060646807154
18,0.544921875,0.007557818937736253,0.4225260416666667,0.01623468877126773
19,0.5453559027777778,0.007103191080710126,0.41796875,0.015709802974015474
0,0.2068142361111111,0.05481150798085663,0.28515625,0.06996607035398483
1,0.2068142361111111,0.03739487325462202,0.28515625,0.058092269425590835
2,0.5002170138888888,0.0334505557289554,0.4791666666666667,0.04974020334581534
3,0.5672743055555556,0.028373021115031507,0.4375,0.03931813935438792
4,0.4600694444444444,0.020765204810433917,0.4348958333333333,0.027533347097535927
5,0.5026041666666666,0.013074959097947512,0.4576822916666667,0.01822671697785457
6,0.56640625,0.008770324134578308,0.4798177083333333,0.014604774614175161
7,0.4878472222222222,0.00768573657842353,0.4811197916666667,0.013034223346039653
8,0.4741753472222222,0.006997566702516956,0.4817708333333333,0.011877834176023802
9,0.4568142361111111,0.006083212094381452,0.4837239583333333,0.011249974758053819
10,0.4544270833333333,0.005288153201238149,0.4817708333333333,0.010563739575445652
11,0.4780815972222222,0.004478439733955181,0.4889322916666667,0.008869848446920514
12,0.3865017361111111,0.004017960875191622,0.4791666666666667,0.009513173718005419
13,0.4967447916666667,0.0034377254261117843,0.45703125,0.007644979593654473
14,0.4027777777777778,0.003849576460197568,0.470703125,0.0076670645115276175
15,0.5143229166666666,0.003615667603703009,0.3802083333333333,0.005590690610309442
16,0.4624565972222222,0.0023259828125851024,0.4817708333333333,0.007527603146930535
17,0.5551215277777778,0.0028725903895166186,0.4075520833333333,0.004998406783367197
18,0.4689670138888889,0.002642458317697876,0.4733072916666667,0.007015361295392116
19,0.5542534722222222,0.0032784961448568436,0.48046875,0.0046086156507954
0,0.16124131944444445,0.053473356697294444,0.28515625,0.06676628937323888
1,0.20616319444444445,0.03990916317949692,0.17708333333333334,0.05953453232844671
2,0.15516493055555555,0.0347601426506622,0.22135416666666666,0.053520566473404564
3,0.15321180555555555,0.03111962415277958,0.4329427083333333,0.04690585906306902
4,0.3917100694444444,0.026606282853107486,0.4869791666666667,0.03845461023350557
5,0.5802951388888888,0.020093345885268517,0.48828125,0.028114696964621544
6,0.58984375,0.013043811117919782,0.4518229166666667,0.019886334116260212
7,0.5130208333333334,0.009174802340567112,0.4303385416666667,0.016980437251428764
8,0.4848090277777778,0.008121108222338889,0.4283854166666667,0.016205955917636555
9,0.5360243055555556,0.007558678419122266,0.4329427083333333,0.015338582452386618
10,0.5275607638888888,0.006818360170452959,0.4368489583333333,0.014501114841550589
11,0.5492621527777778,0.00606191529530204,0.4661458333333333,0.01350534955660502
12,0.5375434027777778,0.005352334585040808,0.4661458333333333,0.012619826011359692
13,0.5418836805555556,0.004691923813273509,0.4661458333333333,0.011860190735508999
14,0.5772569444444444,0.0041355489908407135,0.4680989583333333,0.011326591484248638
15,0.5824652777777778,0.003795919810525245,0.46484375,0.010468128758172194
16,0.58984375,0.0033555374118602937,0.4680989583333333,0.009441207085425654
17,0.5920138888888888,0.0036237507592886686,0.4830729166666667,0.009253143177678188
18,0.6006944444444444,0.003715748504166388,0.46875,0.007200127467513084
19,0.5583767361111112,0.0023693537417178354,0.470703125,0.007820459315553308
0,0.5512152777777778,0.06515644573503071,0.4869791666666667,0.10049762328465779
1,0.6647135416666666,0.048893848434090614,0.4869791666666667,0.07835225264231364
2,0.6647135416666666,0.038503661337825984,0.4869791666666667,0.06616416573524475
3,0.6647135416666666,0.03434896313895782,0.4869791666666667,0.06000850908458233
4,0.6647135416666666,0.03303555505246752,0.4869791666666667,0.057010563711325325
5,0.6158854166666666,0.03238021758281522,0.4869791666666667,0.05525916318098704
6,0.6163194444444444,0.031555442708647914,0.4869791666666667,0.0536546657482783
7,0.5648871527777778,0.030875629564333294,0.4869791666666667,0.052055625865856804
8,0.5666232638888888,0.030162920425128605,0.4928385416666667,0.050442714244127274
9,0.5783420138888888,0.02908255339651886,0.4811197916666667,0.04835205152630806
10,0.5609809027777778,0.02806477019718538,0.4830729166666667,0.04602769389748573
11,0.5423177083333334,0.026576598019649584,0.4765625,0.043115148320794106
12,0.5138888888888888,0.024704997906357877,0.44921875,0.03924568618337313
13,0.4856770833333333,0.022156519356131967,0.42578125,0.03434523971130451
14,0.5084635416666666,0.018541000033211377,0.4303385416666667,0.028059671943386395
15,0.4934895833333333,0.014058191380980942,0.4342447916666667,0.02173878640557329
16,0.5158420138888888,0.010329388276052972,0.43359375,0.017597559218605358
17,0.5340711805555556,0.008203822873636253,0.4342447916666667,0.016310231139262516
18,0.5362413194444444,0.007328133499767218,0.4244791666666667,0.015812911403675873
19,0.5308159722222222,0.006722641513786382,0.4309895833333333,0.015202525692681471
0,0.26953125,0.06678801257577208,0.28515625,0.10515060524145763
1,0.2068142361111111,0.05038776942011383,0.28515625,0.07491621871789296
2,0.2068142361111111,0.03585756828801499,0.28515625,0.06094403316577276
3,0.4793836805555556,0.033121152030718,0.4869791666666667,0.05707836461563905
4,0.6647135416666666,0.03236907586041424,0.4869791666666667,0.055201289554437004
5,0.6642795138888888,0.03175292872927255,0.4869791666666667,0.05384075827896595
6,0.6618923611111112,0.03094894032821887,0.4869791666666667,0.05249729255835215
7,0.6642795138888888,0.03022003298004468,0.4869791666666667,0.051075732335448265
8,0.6647135416666666,0.02946475598340233,0.4869791666666667,0.04958847537636757
9,0.6647135416666666,0.0285548848979589,0.4869791666666667,0.04783444106578827
10,0.6647135416666666,0.02756304864306003,0.4869791666666667,0.045845759411652885
11,0.6647135416666666,0.026323820671273604,0.486328125,0.04343001792828242
12,0.6605902777777778,0.02482703228532854,0.4661458333333333,0.040524192775289215
13,0.5831163194444444,0.022962791043230228,0.453125,0.03708441307147344
14,0.5857204861111112,0.02067709649499092,0.4518229166666667,0.03308935773869356
15,0.5896267361111112,0.018014871812839475,0.4615885416666667,0.02859703917056322
16,0.5349392361111112,0.015036718221381307,0.462890625,0.023804607490698498
17,0.5590277777777778,0.012215027663235864,0.4720052083333333,0.019296079718818266
18,0.5844184027777778,0.009973253925434418,0.4700520833333333,0.01594195980578661
19,0.5868055555555556,0.008704535029311147,0.4720052083333333,0.014179390079031387
0,0.2068142361111111,0.05457155996312698,0.28515625,0.06585432589054108
1,0.2068142361111111,0.03763851818318168,0.28515625,0.05938221203784148
2,0.3396267361111111,0.03506054918074773,0.484375,0.05647659674286842
3,0.5894097222222222,0.033871730246270694,0.4830729166666667,0.054159607738256454
4,0.5340711805555556,0.03236388684146934,0.466796875,0.05151193402707577
5,0.4301215277777778,0.030859973178141646,0.4817708333333333,0.047453479220469795
6,0.5173611111111112,0.027862270983556908,0.4772135416666667,0.04002845659852028
7,0.4184027777777778,0.021254536424142618,0.46875,0.029865652943650883
8,0.4607204861111111,0.013096651929016743,0.431640625,0.022933175787329674
9,0.4850260416666667,0.009976709843613207,0.4615885416666667,0.01910141793390115
10,0.5002170138888888,0.008602593624446955,0.4596354166666667,0.017992508908112843
11,0.5023871527777778,0.007897624733029969,0.4609375,0.01770322552571694
12,0.5069444444444444,0.007427542612680959,0.4615885416666667,0.01665143109858036
13,0.5232204861111112,0.006781464119234847,0.4420572916666667,0.015669070805112522
14,0.52734375,0.006186548801552918,0.4322916666666667,0.014642596244812012
15,0.5188802083333334,0.0055235753146310644,0.4173177083333333,0.013736008356014887
16,0.5199652777777778,0.005049847674349116,0.4173177083333333,0.012812026776373386
17,0.517578125,0.004537481840492951,0.408203125,0.011899657547473907
18,0.5379774305555556,0.004157962083506088,0.4147135416666667,0.011371073623498281
19,0.5412326388888888,0.0037975008082058695,0.4368489583333333,0.010618014571567377
0,0.032769097222222224,0.06488375158773528,0.04296875,0.09931207944949468
1,0.012152777777777778,0.0463978989670674,0.04296875,0.07166709999243419
2,0.012152777777777778,0.03623430596457587,0.04296875,0.06265769774715106
3,0.5390625,0.03471973781577415,0.4869791666666667,0.059656993175546326
4,0.6647135416666666,0.03381742495629522,0.4869791666666667,0.05786679002145926
5,0.6647135416666666,0.0332495383400884,0.4869791666666667,0.05660154049595197
6,0.6647135416666666,0.0325532099749479,0.4869791666666667,0.05539910991986593
7,0.6647135416666666,0.03205199255090621,0.4869791666666667,0.05432832489411036
8,0.6647135416666666,0.03144871655644642,0.4869791666666667,0.05322962626814842
9,0.6647135416666666,0.030826977350645594,0.4869791666666667,0.0520998847981294
10,0.6647135416666666,0.030158552263552945,0.4869791666666667,0.05078822995225588
11,0.6647135416666666,0.02946218804249333,0.4869791666666667,0.04941356430451075
12,0.6647135416666666,0.02861672611389723,0.4876302083333333,0.047837903102238975
13,0.4333767361111111,0.027745087191255555,0.4869791666666667,0.046094110856453575
14,0.6673177083333334,0.02652966090115822,0.490234375,0.04402089243133863
15,0.654296875,0.025312647339887917,0.4811197916666667,0.04163954531153043
16,0.6538628472222222,0.023900106238822143,0.4817708333333333,0.038964170341690384
17,0.6486545138888888,0.022129375384085707,0.4798177083333333,0.03578379067281882
18,0.6137152777777778,0.01994379417091194,0.4759114583333333,0.03219685579339663
19,0.6365017361111112,0.017513615713040862,0.490234375,0.028225903088847797
0,0.6584201388888888,0.0663597397506237,0.4869791666666667,0.10499501725037892
1,0.6647135416666666,0.05229351586765713,0.4869791666666667,0.08241141090790431
2,0.6647135416666666,0.03934533800929785,0.4869791666666667,0.06697733017305534
3,0.6297743055555556,0.03405353711504075,0.46875,0.06021830501655737
4,0.3005642361111111,0.03235689980081386,0.2858072916666667,0.05710109695792198
5,0.2289496527777778,0.03177982092731529,0.2799479166666667,0.055430891613165535
6,0.3302951388888889,0.03137853625230491,0.4303385416666667,0.054339571545521416
7,0.4709201388888889,0.030936163617298007,0.482421875,0.053254701818029083
8,0.5455729166666666,0.030465163419850998,0.4889322916666667,0.052192624658346176
9,0.5963541666666666,0.029921912122517824,0.4733072916666667,0.05088888108730316
10,0.5792100694444444,0.02922042438553439,0.4654947916666667,0.049380930761496224
11,0.548828125,0.028246198754964605,0.44140625,0.04728269949555397
12,0.4880642361111111,0.026948163906733196,0.4348958333333333,0.044568379099170365
13,0.4947916666666667,0.02503754696550055,0.408203125,0.04099805404742559
14,0.4563802083333333,0.02259159648221814,0.4036458333333333,0.03643368215610584
15,0.4605034722222222,0.019437206585684583,0.3971354166666667,0.03140038872758547
16,0.4657118055555556,0.016377425028218165,0.3776041666666667,0.026865425209204357
17,0.466796875,0.013485062201248689,0.3743489583333333,0.023384194045017164
18,0.4874131944444444,0.011374055071630411,0.3639322916666667,0.021437705339243013
19,0.4476996527777778,0.010079683994667398,0.4114583333333333,0.020430920956035454
0,0.23502604166666666,0.062475048212541476,0.04296875,0.083655945956707
1,0.1603732638888889,0.042948542887137994,0.3541666666666667,0.06913123093545437
2,0.5941840277777778,0.03995600466926893,0.48828125,0.06415228173136711
3,0.5950520833333334,0.03760787337604496,0.4908854166666667,0.06069550725320975
4,0.6043836805555556,0.03615170450777643,0.4908854166666667,0.05800540434817473
5,0.5614149305555556,0.03478748454815812,0.4641927083333333,0.05559323852260908
6,0.5054253472222222,0.03385511527044906,0.46484375,0.05288570870955785
7,0.5462239583333334,0.03200047696009278,0.455078125,0.04966116199890772
8,0.4915364583333333,0.03037622056177093,0.4479166666666667,0.045213727901379265
9,0.4700520833333333,0.02687754249200225,0.4322916666666667,0.03895466526349386
10,0.4709201388888889,0.022266285312879417,0.4231770833333333,0.029762691507736843
11,0.4993489583333333,0.015277758848646449,0.4446614583333333,0.020383544111003477
12,0.51171875,0.009606296578163488,0.4375,0.015684033123155434
13,0.5171440972222222,0.0076148096316804486,0.4348958333333333,0.015245958231389523
14,0.4898003472222222,0.006976099154498015,0.4388020833333333,0.014391845092177391
15,0.51953125,0.006181787570110626,0.4557291666666667,0.013802338081101576
16,0.5138888888888888,0.005328998008432488,0.470703125,0.012776633103688559
17,0.5154079861111112,0.004667649330157373,0.4772135416666667,0.011961397404472033
18,0.5177951388888888,0.00439289217400882,0.486328125,0.01131407373274366
19,0.5043402777777778,0.0037489850332753528,0.4850260416666667,0.009675806543479363
0,0.11566840277777778,0.0648236870765686,0.18489583333333334,0.10407548397779465
1,0.11631944444444445,0.05303690748082267,0.18489583333333334,0.0919878010948499
2,0.11631944444444445,0.0461043498168389,0.18489583333333334,0.08395650237798691
3,0.11631944444444445,0.042580118816759854,0.18489583333333334,0.07864977543552716
4,0.11631944444444445,0.04012638640900453,0.18489583333333334,0.07455599804719289
5,0.11631944444444445,0.0387689679240187,0.18489583333333334,0.07128182301918666
6,0.11631944444444445,0.037541129936774574,0.18489583333333334,0.06844472636779149
7,0.11631944444444445,0.0365173331875768,0.18489583333333334,0.06589172221720219
8,0.11610243055555555,0.03531865201269587,0.20052083333333334,0.06325579062104225
9,0.16471354166666666,0.03422430788891183,0.20572916666666666,0.060414387534062065
10,0.2827690972222222,0.03287312173698512,0.21940104166666666,0.056902878607312836
11,0.3630642361111111,0.03100889264088538,0.2584635416666667,0.05214483663439751
12,0.373046875,0.028321925085037947,0.2727864583333333,0.04611015940705935
13,0.3491753472222222,0.024718863708484504,0.28125,0.03830639955898126
14,0.3135850694444444,0.019976335112005472,0.28515625,0.02858983197559913
15,0.2786458333333333,0.014284002226001272,0.2916666666666667,0.019708168382445972
16,0.2999131944444444,0.009726381310934408,0.294921875,0.014058942751338085
17,0.3270399305555556,0.007348867699167588,0.2858072916666667,0.011900514752293626
18,0.3858506944444444,0.006463834970620357,0.244140625,0.011042504260937372
19,0.4114583333333333,0.006012359278328303,0.22981770833333334,0.010299586846182743
0,0.162109375,0.06028348931835757,0.28515625,0.08405715102950732
1,0.2068142361111111,0.04133246999440922,0.28515625,0.0676374485095342
2,0.3754340277777778,0.03707941298166083,0.3404947916666667,0.059829687078793846
3,0.4144965277777778,0.03346939053800371,0.3502604166666667,0.05244601207474867
4,0.4168836805555556,0.028852145187556744,0.3697916666666667,0.04331944261988004
5,0.3072916666666667,0.022884414363135066,0.3971354166666667,0.03213143379737934
6,0.478515625,0.015549515826731093,0.3984375,0.022400349378585815
7,0.5084635416666666,0.010062271832591958,0.4095052083333333,0.018763058508435886
8,0.5279947916666666,0.007560017551036758,0.412109375,0.017573673278093338
9,0.5538194444444444,0.006680375618290984,0.4095052083333333,0.01637306498984496
10,0.5347222222222222,0.006024849167766256,0.40234375,0.015244690701365471
11,0.517578125,0.005340600761377977,0.3990885416666667,0.014125665804992119
12,0.5197482638888888,0.004749237740826275,0.396484375,0.013301411954065165
13,0.5171440972222222,0.004427253022893435,0.412109375,0.012848034035414457
14,0.5594618055555556,0.003988309892722302,0.4069010416666667,0.011784272889296213
15,0.5034722222222222,0.004182290156475372,0.4244791666666667,0.010967344976961613
16,0.5627170138888888,0.0035320056679969034,0.4095052083333333,0.009373362176120281
17,0.5010850694444444,0.003698859622495042,0.4251302083333333,0.009805827867239714
18,0.5523003472222222,0.00354845521117871,0.3391927083333333,0.00800263392738998
19,0.5060763888888888,0.0028936698799952865,0.427734375,0.009182787810762724
0,0.58203125,0.05913148644483752,0.4869791666666667,0.08279868712027867
1,0.6647135416666666,0.03874847717169258,0.4869791666666667,0.06392630065480868
2,0.6627604166666666,0.03431610584569474,0.4759114583333333,0.058211988459030785
3,0.6319444444444444,0.03294746272472872,0.4680989583333333,0.054948302606741585
4,0.6015625,0.03160992106940183,0.482421875,0.051887959241867065
5,0.5601128472222222,0.0296833090380662,0.4778645833333333,0.04807082315286001
6,0.546875,0.027069775969721377,0.4557291666666667,0.04309281458457311
7,0.5095486111111112,0.023575707539243415,0.427734375,0.037121277302503586
8,0.4735243055555556,0.019590860459073964,0.435546875,0.0306657621016105
9,0.4789496527777778,0.016053664704991713,0.43359375,0.0258701266720891
10,0.5284288194444444,0.013278917926881049,0.4225260416666667,0.022988395765423775
11,0.5347222222222222,0.011088898741743632,0.421875,0.021462539055695135
12,0.5512152777777778,0.009566202837352952,0.4225260416666667,0.020421689376235008
13,0.5505642361111112,0.008766686129901145,0.4231770833333333,0.019511041541894276
14,0.5666232638888888,0.008144630416710343,0.4212239583333333,0.018454482468465965
15,0.4557291666666667,0.007632253381113212,0.3860677083333333,0.017315927737702925
16,0.5301649305555556,0.007036294632901748,0.3782552083333333,0.01632663452376922
17,0.5,0.006542675999096698,0.3352864583333333,0.0151453980555137
18,0.4852430555555556,0.005991711307110058,0.333984375,0.01429285341873765
19,0.4503038194444444,0.005585311226443284,0.3372395833333333,0.013448276712248722
20,0.4457465277777778,0.005085295907014774,0.3365885416666667,0.013383753597736359
21,0.4136284722222222,0.004874267951688833,0.3346354166666667,0.012695726628104845
22,0.4431423611111111,0.004476353558453007,0.333984375,0.012078859067211548
23,0.3899739583333333,0.00418349420134392,0.33203125,0.011778537339220444
24,0.3765190972222222,0.004032694799308147,0.328125,0.011375703072796265
25,0.3422309027777778,0.0038946612945033442,0.3365885416666667,0.010889481597890457
26,0.3680555555555556,0.0036935340160400504,0.318359375,0.01045928398768107
27,0.359375,0.0036529185534972283,0.33984375,0.009719348590200147
28,0.3717447916666667,0.003291240201279935,0.3053385416666667,0.009799471125006676
29,0.3600260416666667,0.00391978282843613,0.341796875,0.007967649959027767
30,0.3541666666666667,0.00274060650392332,0.3313802083333333,0.008338941261172295
31,0.3559027777777778,0.003923424642481323,0.3450520833333333,0.007120151538401842
32,0.3739149305555556,0.0025600725655547446,0.3411458333333333,0.007254753572245439
33,0.3567708333333333,0.0035154442690933743,0.3470052083333333,0.006891731871291995
34,0.3682725694444444,0.0023644986536560785,0.33203125,0.007068707297245662
35,0.345703125,0.003600887106990235,0.3424479166666667,0.006393498508259654
36,0.3697916666666667,0.0023511889287167126,0.3424479166666667,0.006137564002225797
37,0.341796875,0.0033326674149268204,0.34375,0.006109719048254192
38,0.3626302083333333,0.002104709215927869,0.333984375,0.006141798027480642
39,0.3385416666666667,0.0034164322229723134,0.3020833333333333,0.005815670437489946
0,0.1013454861111111,0.06096466133991877,0.18489583333333334,0.08599452426036198
1,0.11631944444444445,0.03971320214784808,0.18489583333333334,0.06474486986796062
2,0.11631944444444445,0.03515740828071204,0.18424479166666666,0.05986208903292815
3,0.3958333333333333,0.03434456044083668,0.4869791666666667,0.057889132450024285
4,0.6061197916666666,0.03373310042338239,0.4869791666666667,0.0566836434106032
5,0.5980902777777778,0.03320179424352116,0.4869791666666667,0.055679067969322205
6,0.3865017361111111,0.03267907496127817,0.4869791666666667,0.054687753319740295
7,0.5303819444444444,0.03243449617487689,0.4869791666666667,0.05378399913509687
8,0.43359375,0.031765437969523996,0.4869791666666667,0.05276119212309519
9,0.4103732638888889,0.03130214216394557,0.486328125,0.05164113144079844
10,0.4229600694444444,0.030735562762452498,0.4869791666666667,0.050374969840049744
11,0.3648003472222222,0.03010312641142971,0.484375,0.04888516974945863
12,0.4327256944444444,0.028809565054770146,0.4765625,0.04673746104041735
13,0.4858940972222222,0.02743494214438316,0.4850260416666667,0.04397237921754519
14,0.4440104166666667,0.02557787168512328,0.4830729166666667,0.04042931646108627
15,0.4442274305555556,0.022941067672541574,0.4700520833333333,0.03590121492743492
16,0.4162326388888889,0.019242766449072708,0.4498697916666667,0.030523655625681084
17,0.4184027777777778,0.01505094429012388,0.3776041666666667,0.025022583082318306
18,0.4822048611111111,0.011632277306893634,0.3274739583333333,0.020581528233985107
19,0.4832899305555556,0.009673828854122095,0.3430989583333333,0.018987124630560476
20,0.4861111111111111,0.008962692266019682,0.3522135416666667,0.018358989618718624
21,0.4865451388888889,0.008504369580704305,0.3450520833333333,0.01730361084143321
22,0.4761284722222222,0.007896746689867642,0.3294270833333333,0.016716130388279755
23,0.4926215277777778,0.007340271388077074,0.3391927083333333,0.015852948650717735
24,0.5104166666666666,0.006781090943453212,0.345703125,0.0150999849041303
25,0.5043402777777778,0.006248418836750918,0.333984375,0.014188602566719055
26,0.4971788194444444,0.0057381235658087665,0.3841145833333333,0.013772222679108381
27,0.5134548611111112,0.005260081780660484,0.3684895833333333,0.012958739263315996
28,0.5067274305555556,0.004873701927459074,0.4290364583333333,0.012782850457976261
29,0.5266927083333334,0.00445564237371501,0.412109375,0.011954905930906534
30,0.4741753472222222,0.004177177687072092,0.4329427083333333,0.011810742318630219
31,0.4852430555555556,0.0038202819931838247,0.4166666666666667,0.011301983458300432
32,0.4720052083333333,0.003732222999032173,0.4576822916666667,0.010780654847621918
33,0.5203993055555556,0.0033396894577890635,0.4153645833333333,0.010087347899874052
34,0.42578125,0.003464567229255206,0.4739583333333333,0.009559114774068197
35,0.5073784722222222,0.003014544329036855,0.3548177083333333,0.008498606427262226
36,0.3582899305555556,0.003308806542514099,0.4147135416666667,0.008534644264727831
37,0.5245225694444444,0.002787494236448159,0.3522135416666667,0.007258999937524398
38,0.3595920138888889,0.00291091524478462,0.3932291666666667,0.008146900994082292
39,0.5316840277777778,0.0025573992429094184,0.3489583333333333,0.0069777224368105335
0,0.2068142361111111,0.06133615825739172,0.28515625,0.08505077411731084
1,0.2068142361111111,0.04145486901203791,0.28515625,0.06729835644364357
2,0.2068142361111111,0.037042983135001525,0.28515625,0.06193794993062814
3,0.2719184027777778,0.03542000443364183,0.4837239583333333,0.059120663752158485
4,0.6362847222222222,0.03443190336434378,0.4869791666666667,0.057170432060956955
5,0.6015625,0.033634762124468885,0.4869791666666667,0.05559829746683439
6,0.6013454861111112,0.0326691973540518,0.4869791666666667,0.05399601409832636
7,0.6013454861111112,0.031781623838469386,0.4869791666666667,0.05240637001891931
8,0.4865451388888889,0.030930148722189996,0.4850260416666667,0.050885517771045365
9,0.5583767361111112,0.029996875802882843,0.4869791666666667,0.0488939161101977
10,0.6019965277777778,0.028870070663591225,0.4869791666666667,0.046716429914037384
11,0.615234375,0.02747654400041534,0.4869791666666667,0.04416281916201115
12,0.6137152777777778,0.025892072408977482,0.4876302083333333,0.04108614350358645
13,0.58984375,0.023653357470822003,0.4889322916666667,0.03730559597412745
14,0.5779079861111112,0.021051201852969825,0.4817708333333333,0.03262715972959995
15,0.6343315972222222,0.017688580659321614,0.478515625,0.027060967559615772
16,0.5861545138888888,0.013905367083174901,0.4622395833333333,0.021758595791955788
17,0.5846354166666666,0.010703516509642618,0.4537760416666667,0.01762436128531893
18,0.5603298611111112,0.008824258318377865,0.439453125,0.0156140411272645
19,0.5492621527777778,0.00806343172573381,0.4401041666666667,0.015168975107371807
20,0.5672743055555556,0.0076270713600226575,0.42578125,0.01463133484746019
21,0.5720486111111112,0.0071333588049229645,0.3938802083333333,0.014059605076909065
22,0.5696614583333334,0.006614211636284987,0.341796875,0.013443126653631529
23,0.5798611111111112,0.006139342660187847,0.3365885416666667,0.012860994475583235
24,0.5666232638888888,0.005509796060828699,0.3313802083333333,0.0121354089739422
25,0.5603298611111112,0.004957604622985754,0.3118489583333333,0.011721501437326273
26,0.5633680555555556,0.004515682528209355,0.3170572916666667,0.011186588555574417
27,0.5677083333333334,0.0041039410538764465,0.3255208333333333,0.010835745992759863
28,0.5850694444444444,0.00375800209844278,0.3190104166666667,0.010331366211175919
29,0.5815972222222222,0.0034437289513233635,0.3235677083333333,0.010035392983506123
30,0.5978732638888888,0.0032723778082678714,0.3170572916666667,0.009602233922729889
31,0.5863715277777778,0.0030560250549266734,0.3268229166666667,0.00926187828493615
32,0.5989583333333334,0.0029155286805083356,0.298828125,0.008923650408784548
33,0.5766059027777778,0.0027623506418118873,0.31640625,0.00860558341567715
34,0.5837673611111112,0.0027058922892643344,0.3040364583333333,0.008446934477736553
35,0.5946180555555556,0.00247794863793792,0.33203125,0.0077831722640742855
36,0.6067708333333334,0.002591670180360476,0.328125,0.007668583653867245
37,0.5852864583333334,0.0022289384052985245,0.44140625,0.006928512205680211
38,0.6171875,0.0025117128518306548,0.4466145833333333,0.006976980483159423
39,0.5833333333333334,0.002044604716098143,0.4830729166666667,0.006379152958591779
0,0.2068142361111111,0.06220936754511462,0.28515625,0.08645651241143544
1,0.2068142361111111,0.039196635906895004,0.28515625,0.06106341381867727
2,0.2068142361111111,0.03364186407998204,0.2825520833333333,0.055431660264730453
3,0.24153645833333334,0.032204072275716394,0.3072916666666667,0.052619523058334984
4,0.4286024305555556,0.030760322490500078,0.3815104166666667,0.05012530709306399
5,0.408203125,0.029342096066102386,0.3600260416666667,0.0474819578230381
6,0.4064670138888889,0.02765298593375418,0.4440104166666667,0.044260842725634575
7,0.4474826388888889,0.025320731452666223,0.4446614583333333,0.04022633284330368
8,0.4776475694444444,0.022427279139972396,0.4869791666666667,0.035064056205252804
9,0.5236545138888888,0.018579464974916644,0.4733072916666667,0.028981352224946022
10,0.5533854166666666,0.014165981536886344,0.3580729166666667,0.022966164785126846
11,0.4259982638888889,0.010477693971349962,0.4505208333333333,0.017765270235637825
12,0.5082465277777778,0.008146382596654197,0.4401041666666667,0.016104450449347496
13,0.4924045138888889,0.00706284568231139,0.435546875,0.01529730080316464
14,0.5223524305555556,0.00637901971478843,0.4479166666666667,0.014437835818777481
15,0.5247395833333334,0.00566217065271404,0.453125,0.013497892146309217
16,0.5279947916666666,0.004920354927890003,0.4615885416666667,0.013096720290680727
17,0.5143229166666666,0.0044281211578183705,0.4544270833333333,0.012758776855965456
18,0.5826822916666666,0.004001797823649313,0.4583333333333333,0.011947419183949629
19,0.5833333333333334,0.0036592972464859486,0.4635416666666667,0.011324641139556965
20,0.5874565972222222,0.003394102509547439,0.4700520833333333,0.010730443832774958
21,0.5642361111111112,0.0032114209219192467,0.466796875,0.010249787010252476
22,0.5993923611111112,0.0029700982720694607,0.4694010416666667,0.009771138895303011
23,0.5045572916666666,0.003131006753796505,0.4641927083333333,0.009171913377940655
0,0.07660590277777778,0.055458921318252884,0.18489583333333334,0.07344469924767812
24,0.56640625,0.002440698186142577,0.474609375,0.008895255625247955
1,0.1831597222222222,0.037105264969997935,0.4869791666666667,0.061661055932442345
25,0.5054253472222222,0.0028735759616312054,0.4811197916666667,0.008432577441756925
2,0.4889322916666667,0.035174514865502715,0.4869791666666667,0.05808139219880104
26,0.62890625,0.0023152863658550712,0.4752604166666667,0.00818703897918264
27,0.4806857638888889,0.0028583414775008955,0.4837239583333333,0.007723135408014059
3,0.5184461805555556,0.03411033653861119,0.4889322916666667,0.05595745208362738
28,0.630859375,0.0020934184237072864,0.4759114583333333,0.007311817879478137
4,0.4207899305555556,0.03283903367506961,0.4856770833333333,0.053876244773467384
29,0.5401475694444444,0.0026691079450150332,0.4876302083333333,0.007150351380308469
5,0.2884114583333333,0.031678354574574366,0.4713541666666667,0.05169204001625379
30,0.63671875,0.001995532812240223,0.4791666666666667,0.006860646419227123
6,0.3940972222222222,0.030485245399177074,0.484375,0.0492775272578001
31,0.5234375,0.002664722592776848,0.4830729166666667,0.00660897543032964
7,0.6577690972222222,0.028816757413248222,0.4830729166666667,0.046532571936647095
32,0.6351996527777778,0.0018675471397323741,0.48046875,0.006230386129269998
8,0.6362847222222222,0.026963414197477203,0.48046875,0.04307590735455354
33,0.54296875,0.0025472917865651348,0.48828125,0.006154379419361551
9,0.5993923611111112,0.024633576938261587,0.478515625,0.03885151073336601
34,0.6239149305555556,0.0017809160247755547,0.4772135416666667,0.005845277725408475
10,0.6111111111111112,0.02175221682733132,0.4733072916666667,0.03368116511652867
35,0.556640625,0.0025016292282897565,0.4876302083333333,0.005784282616029183
11,0.6141493055555556,0.017876379107797727,0.4798177083333333,0.028135191028316815
36,0.6241319444444444,0.0017187041618550818,0.4772135416666667,0.005446236697025597
37,0.5638020833333334,0.0024035871805002293,0.4869791666666667,0.005423279013484716
12,0.5798611111111112,0.013785594317596406,0.4752604166666667,0.022761935678621132
38,0.6375868055555556,0.0016339111478171414,0.482421875,0.005196041893213987
13,0.6017795138888888,0.01028584311198857,0.453125,0.018270983826369047
39,0.5579427083333334,0.002336984196315623,0.4876302083333333,0.005173512501642108
14,0.578125,0.00792276317305449,0.4296875,0.015683292256047327
15,0.5572916666666666,0.006748059143622716,0.3776041666666667,0.015103000371406475
16,0.5366753472222222,0.0059871130829883944,0.3671875,0.014752560295164585
17,0.5236545138888888,0.005370238666526145,0.3522135416666667,0.014608245653410753
18,0.4978298611111111,0.004893572431885534,0.3541666666666667,0.014324837053815523
19,0.5023871527777778,0.0044516811095592045,0.3932291666666667,0.013596979435533285
20,0.4809027777777778,0.0041071521894385414,0.3723958333333333,0.013157728593796492
21,0.4921875,0.0038817056661678683,0.4088541666666667,0.012701360198358694
22,0.470703125,0.0036638568724609083,0.369140625,0.0123508480998377
23,0.4908854166666667,0.003426682281618317,0.4602864583333333,0.011996435311933359
24,0.5227864583333334,0.003336334808005227,0.462890625,0.011681410484015942
25,0.5492621527777778,0.0030867828107956382,0.4772135416666667,0.011181064260502657
26,0.55078125,0.00302116008889344,0.4622395833333333,0.011037921843429407
27,0.5368923611111112,0.0030848313795609605,0.4752604166666667,0.010227841169883808
28,0.6334635416666666,0.002961718684269322,0.4694010416666667,0.009115840929249922
29,0.5551215277777778,0.0029029366301579606,0.4778645833333333,0.009409789927303791
30,0.6453993055555556,0.00295623111176408,0.462890625,0.008040530296663443
31,0.5427517361111112,0.002605208945978019,0.478515625,0.009082061937078834
32,0.5924479166666666,0.002870507700006581,0.3111979166666667,0.00749126635491848
33,0.6069878472222222,0.0026125169307407406,0.4498697916666667,0.008429809240624309
34,0.6167534722222222,0.002827195366585834,0.4609375,0.006758973856146137
35,0.5891927083333334,0.0023785476417591176,0.4609375,0.008047514905532202
36,0.5423177083333334,0.002698015906692793,0.296875,0.006326066718126337
37,0.572265625,0.0023670940039058528,0.3782552083333333,0.007670674938708544
38,0.5145399305555556,0.0027350711687985393,0.3131510416666667,0.005831346071014802
39,0.5301649305555556,0.0022257096134126186,0.4055989583333333,0.007355495356023312
0,0.5551215277777778,0.059793702223234706,0.4869791666666667,0.07945629705985387
1,0.6647135416666666,0.0377296789859732,0.4869791666666667,0.06126492408414682
2,0.6647135416666666,0.03406323187260164,0.4869791666666667,0.05637298400203387
3,0.6647135416666666,0.032744391769584685,0.4869791666666667,0.05358693872888883
4,0.6647135416666666,0.03113232221868303,0.4869791666666667,0.050613854080438614
5,0.6647135416666666,0.029212198064972956,0.4869791666666667,0.04663311938444773
6,0.6636284722222222,0.02649611216555867,0.4856770833333333,0.04075938897828261
7,0.6588541666666666,0.022172663166808586,0.466796875,0.033098982026179634
8,0.6158854166666666,0.016375835428738758,0.4615885416666667,0.025680210441350937
9,0.5757378472222222,0.010995431777296795,0.4348958333333333,0.01986493666966756
10,0.5119357638888888,0.008229908378173908,0.4140625,0.018399312160909176
11,0.4407552083333333,0.0071875548973265625,0.4036458333333333,0.01801658080269893
12,0.4600694444444444,0.00652622945037567,0.400390625,0.017314304287234943
13,0.4737413194444444,0.005989961041551497,0.3951822916666667,0.01642687028894822
14,0.5186631944444444,0.00540447799074981,0.4388020833333333,0.015725440966586273
15,0.5763888888888888,0.004957092770685752,0.4615885416666667,0.015130658634006977
16,0.5876736111111112,0.004590003841763569,0.478515625,0.01460022758692503
17,0.5857204861111112,0.0042963484172812766,0.4772135416666667,0.014210847982515892
18,0.5807291666666666,0.004060669336467981,0.4778645833333333,0.013621181094398102
19,0.5705295138888888,0.0038429954373795125,0.4811197916666667,0.013515579514205456
20,0.5876736111111112,0.0037305148758201134,0.4811197916666667,0.012800039102633795
21,0.5438368055555556,0.0035367971544878352,0.4830729166666667,0.012782543742408356
22,0.5753038194444444,0.0033819074225094584,0.484375,0.011758143703142801
23,0.5112847222222222,0.0037090392369363043,0.4830729166666667,0.01139519518862168
24,0.5844184027777778,0.0027694868492997354,0.482421875,0.011396782007068396
25,0.5329861111111112,0.0035231042679192293,0.482421875,0.010449307970702648
26,0.5928819444444444,0.0026621987474047476,0.4830729166666667,0.010850317465762297
27,0.5514322916666666,0.0034414066984835598,0.4791666666666667,0.009516616662343344
28,0.5891927083333334,0.002449981506086058,0.48046875,0.010194205756609639
29,0.5709635416666666,0.0032987939840596584,0.4733072916666667,0.008850964329515895
30,0.5933159722222222,0.0023647249003665317,0.4772135416666667,0.009667148347944021
31,0.5766059027777778,0.00323156506055966,0.455078125,0.008157050547500452
32,0.5952690972222222,0.0021976809431281355,0.4544270833333333,0.009058059814075628
33,0.578125,0.003106749694173535,0.447265625,0.007643557929744323
34,0.5881076388888888,0.002135830129393273,0.44921875,0.008620461914688349
35,0.5687934027777778,0.0031263362616300583,0.4505208333333333,0.007073023201276858
36,0.5802951388888888,0.0019837852645044527,0.4466145833333333,0.008178509849434098
37,0.5625,0.0029505871805465883,0.4407552083333333,0.006629511248320341
38,0.5844184027777778,0.0019942858359879917,0.4309895833333333,0.007910319448759159
39,0.5657552083333334,0.002946578095563584,0.4466145833333333,0.006276220548897982
0,0.2645399305555556,0.058587715236677065,0.18489583333333334,0.07805840546886127
1,0.09917534722222222,0.03928081743005249,0.18489583333333334,0.06384413378934066
2,0.11588541666666667,0.036758811213076115,0.18489583333333334,0.059733014553785324
3,0.3708767361111111,0.03486506071769529,0.486328125,0.05701410646239916
4,0.6644965277777778,0.03333927965205577,0.48828125,0.0544540099799633
5,0.6649305555555556,0.031981945141322084,0.486328125,0.05176075423757235
6,0.6634114583333334,0.030502560858925182,0.4869791666666667,0.0489043282965819
7,0.6644965277777778,0.02880667755380273,0.4869791666666667,0.045498317728439965
8,0.6538628472222222,0.02666231184007807,0.4947916666666667,0.04136630333960056
9,0.6032986111111112,0.023777969129797485,0.4973958333333333,0.03632309474050999
10,0.4850260416666667,0.020427684325517878,0.453125,0.030463431030511856
11,0.4574652777777778,0.01624826773897641,0.3815104166666667,0.0240314407274127
12,0.4205729166666667,0.012056439358275384,0.349609375,0.01838299787292878
13,0.4535590277777778,0.009055748297315504,0.3483072916666667,0.014615907489011684
14,0.4739583333333333,0.007405815503766967,0.3502604166666667,0.01317712509383758
15,0.4654947916666667,0.006418383550933666,0.3502604166666667,0.01259555264065663
16,0.44921875,0.005598009609255112,0.3509114583333333,0.011915411334484816
17,0.4867621527777778,0.00503253756970581,0.37109375,0.011014759074896574
18,0.5088975694444444,0.004477768095158454,0.4303385416666667,0.010546705219894648
19,0.515625,0.0041550448448914624,0.4498697916666667,0.009808578062802553
20,0.5679253472222222,0.0036662573563969797,0.48828125,0.009587676264345646
21,0.6080729166666666,0.0037123902649101284,0.4895833333333333,0.008872725690404573
22,0.6263020833333334,0.0030470440914440486,0.48828125,0.008937780124445757
23,0.6011284722222222,0.0036128828974647652,0.4622395833333333,0.00805758087274929
24,0.6260850694444444,0.0025176413797049057,0.4140625,0.007843778701499104
25,0.5865885416666666,0.003496018898052474,0.4505208333333333,0.007573623365412156
26,0.5987413194444444,0.0023579629810733926,0.4075520833333333,0.006829993488887946
27,0.5794270833333334,0.003122443734254274,0.447265625,0.007372282600651185
28,0.5677083333333334,0.0021707746458964217,0.3899739583333333,0.0069064185954630375
29,0.5659722222222222,0.002917769830673933,0.416015625,0.007151632492120068
30,0.5579427083333334,0.0021562976892002756,0.3776041666666667,0.005833835961918036
31,0.5633680555555556,0.0027990275735242497,0.4069010416666667,0.006969922920688987
32,0.5494791666666666,0.0019008129278922246,0.35546875,0.0056032652501016855
33,0.5394965277777778,0.0027939659064739114,0.3600260416666667,0.006407176842913032
34,0.5325520833333334,0.0018251736247394648,0.3424479166666667,0.004817023950939377
35,0.5460069444444444,0.002681516182039761,0.3326822916666667,0.006211942760273814
36,0.5275607638888888,0.0016238813728301062,0.3235677083333333,0.004884744839121898
37,0.5177951388888888,0.0026051135694918535,0.3352864583333333,0.005931973224505782
38,0.5125868055555556,0.0016598907920221488,0.322265625,0.003960059761690597
39,0.5425347222222222,0.0026267241013960708,0.322265625,0.0055330080989127355
0,0.12890625,0.05821307117326392,0.28515625,0.07399156565467517
1,0.2068142361111111,0.03656112397503522,0.28515625,0.05951424315571785
2,0.2068142361111111,0.03436283182559742,0.28515625,0.056429473062356315
3,0.603515625,0.03324721518179609,0.4869791666666667,0.054648040483395256
4,0.6171875,0.03225072592289911,0.4869791666666667,0.05292721030612787
5,0.6239149305555556,0.031157110093368426,0.4869791666666667,0.05103930396338304
6,0.6226128472222222,0.03006285555764205,0.4811197916666667,0.04874630396564802
7,0.6278211805555556,0.028553770648108587,0.4876302083333333,0.04569620887438456
8,0.6276041666666666,0.026077799395554595,0.466796875,0.04137334848443667
9,0.5959201388888888,0.023034915974777605,0.4674479166666667,0.035617572565873466
10,0.51953125,0.018824297811887745,0.4602864583333333,0.02862738197048505
11,0.5904947916666666,0.013898860870136155,0.4837239583333333,0.021974786184728146
12,0.556640625,0.00989021735990213,0.486328125,0.016769003278265398
13,0.5696614583333334,0.007696226180996746,0.46875,0.015162428064892689
14,0.5700954861111112,0.006460719159804285,0.443359375,0.014356823172420263
15,0.5375434027777778,0.00572881278478437,0.4251302083333333,0.013375524741907915
16,0.5223524305555556,0.005155528572181033,0.4049479166666667,0.012428130644063154
17,0.5232204861111112,0.004580405010427866,0.3958333333333333,0.011852046009153128
18,0.5128038194444444,0.004136720581704544,0.4010416666666667,0.010933059267699718
19,0.5414496527777778,0.0036145271216001776,0.4153645833333333,0.010183868308862051
20,0.5321180555555556,0.0034558915002788934,0.4140625,0.00970663751165072
21,0.5375434027777778,0.0030089333950955835,0.4264322916666667,0.00907188622901837
22,0.5104166666666666,0.002950818148545093,0.4407552083333333,0.008602012569705645
23,0.5672743055555556,0.0027219994937897557,0.44921875,0.007822775980457664
24,0.53125,0.0023715249392100507,0.4407552083333333,0.007770418111855785
25,0.5607638888888888,0.002618635099174248,0.4537760416666667,0.007024036565174659
26,0.5407986111111112,0.002125115140289482,0.4641927083333333,0.006799895161141952
27,0.57421875,0.002503868787445956,0.458984375,0.006367698855077227
28,0.5258246527777778,0.0019211011498959528,0.4674479166666667,0.0060206927203883725
29,0.6006944444444444,0.002443374212210377,0.4609375,0.0057239066033313675
30,0.5106336805555556,0.001752791176032689,0.4524739583333333,0.005385918542742729
31,0.6130642361111112,0.0023673744096110263,0.4609375,0.00526093877851963
32,0.4761284722222222,0.0016428170492872596,0.4381510416666667,0.004876547570650776
33,0.6124131944444444,0.002355709581428932,0.4680989583333333,0.004810504731722176
34,0.466796875,0.0015211516034065022,0.4140625,0.004661839532976349
35,0.6095920138888888,0.0023103077999419635,0.4635416666666667,0.004567106254398823
36,0.462890625,0.0014240751625038683,0.404296875,0.004490931751206517
37,0.5837673611111112,0.0022793776200463376,0.4576822916666667,0.004377373727038503
38,0.4559461805555556,0.001356466052432855,0.3020833333333333,0.004328528186306357
39,0.5737847222222222,0.0021997607739952705,0.455078125,0.004300871631130576
0,0.1773003472222222,0.06459936996301015,0.28515625,0.09194673597812653
1,0.2068142361111111,0.04151123731086651,0.28515625,0.06296175469954808
2,0.2417534722222222,0.0351751116104424,0.28515625,0.0582097681860129
3,0.4411892361111111,0.034443871687269874,0.4856770833333333,0.05648517981171608
4,0.4646267361111111,0.033663996029645205,0.484375,0.05529588833451271
5,0.4487847222222222,0.03287357174687915,0.4791666666666667,0.05414785693089167
6,0.4401041666666667,0.032119127792409725,0.4791666666666667,0.05288133149345716
7,0.5991753472222222,0.031114991107541654,0.482421875,0.051365889608860016
8,0.6028645833333334,0.03035376552078459,0.4817708333333333,0.04965261494119962
9,0.4778645833333333,0.029439356747186847,0.48046875,0.047527194023132324
10,0.5544704861111112,0.027655506441887055,0.4772135416666667,0.044527133305867515
11,0.4765625,0.02554137585684657,0.4778645833333333,0.040266577154397964
12,0.4787326388888889,0.022261157360238332,0.4498697916666667,0.03475909245510896
13,0.3962673611111111,0.01788211754238647,0.4427083333333333,0.028337084067364533
14,0.3795572916666667,0.013411069663965868,0.4407552083333333,0.022014437864224117
15,0.4448784722222222,0.010098719238562303,0.4342447916666667,0.017908346839249134
16,0.4845920138888889,0.008672435315222375,0.4596354166666667,0.017049452910820644
17,0.4982638888888889,0.007945075682881806,0.458984375,0.016142125241458416
18,0.4982638888888889,0.0073897202706171405,0.4563802083333333,0.015108509920537472
19,0.4982638888888889,0.0066804363547513885,0.4583333333333333,0.013876241321365038
20,0.5438368055555556,0.006036707031954493,0.4576822916666667,0.012843256971488396
21,0.4518229166666667,0.005336765135224495,0.4576822916666667,0.01190209419776996
22,0.453125,0.004672583283132149,0.462890625,0.011306782408306995
23,0.4578993055555556,0.004084726627398696,0.4661458333333333,0.010659725870937109
24,0.4312065972222222,0.003697548889451557,0.4654947916666667,0.010144122255345186
25,0.4164496527777778,0.0032760953116748068,0.4641927083333333,0.009652739545951286
26,0.4231770833333333,0.003038710254865388,0.4641927083333333,0.009242477516333262
27,0.4303385416666667,0.002756028203293681,0.466796875,0.008677303946266571
28,0.4526909722222222,0.002690541493292484,0.466796875,0.00825907732360065
29,0.4568142361111111,0.002470247447490692,0.4739583333333333,0.007605615460003416
30,0.4685329861111111,0.0024142833814645806,0.4694010416666667,0.007398530840873718
31,0.47265625,0.0022181602608826426,0.4837239583333333,0.00665532626832525
32,0.4780815972222222,0.00231364113278687,0.4759114583333333,0.00649045966565609
33,0.4702690972222222,0.0019691332967744935,0.490234375,0.005744514909262459
34,0.5047743055555556,0.0023497522925026715,0.4778645833333333,0.0056740267512698965
35,0.4639756944444444,0.001765531811138822,0.4889322916666667,0.004953676213820775
36,0.4984809027777778,0.0024630490418833992,0.4778645833333333,0.005141300382092595
37,0.4663628472222222,0.001609504326350159,0.4915364583333333,0.004693794025418659
38,0.484375,0.0024638321871558824,0.4759114583333333,0.004858692176640034
39,0.439453125,0.0015665298043232826,0.4869791666666667,0.00424344907514751
0,0.11631944444444445,0.05950956584678756,0.18489583333333334,0.07676789909601212
1,0.11631944444444445,0.03737467739524113,0.18489583333333334,0.05930623163779577
2,0.1013454861111111,0.033983731590625316,0.18489583333333334,0.05557983306547006
3,0.2230902777777778,0.03273657406680286,0.18489583333333334,0.05360900051891804
4,0.2805989583333333,0.0320309487481912,0.4869791666666667,0.05196463130414486
5,0.3921440972222222,0.030699045940612752,0.4869791666666667,0.0499089943865935
6,0.4548611111111111,0.029392876481223438,0.4869791666666667,0.047251308957735695
7,0.4212239583333333,0.0277854118289219,0.4576822916666667,0.04363900050520897
8,0.3862847222222222,0.0251347300881106,0.3626302083333333,0.03825783729553223
9,0.3504774305555556,0.020970193779147748,0.3489583333333333,0.030288582667708397
10,0.337890625,0.014966761447592743,0.328125,0.021934635005891323
11,0.3103298611111111,0.010051491120571477,0.31640625,0.01788324738542239
12,0.3040364583333333,0.008217045086591193,0.3763020833333333,0.016884698842962582
13,0.3975694444444444,0.007287655788887706,0.453125,0.016187608086814482
14,0.4233940972222222,0.00657642784062773,0.4212239583333333,0.015190961305052042
15,0.408203125,0.005942863256980975,0.3951822916666667,0.014682337331275145
16,0.4177517361111111,0.005534075316973031,0.4205729166666667,0.013417255443831285
17,0.4370659722222222,0.005014881465791,0.4205729166666667,0.013193984360744556
18,0.4496527777777778,0.0046479102521617376,0.4127604166666667,0.012283259692291418
19,0.4639756944444444,0.004446032541131394,0.3958333333333333,0.011815635720267892
20,0.4652777777777778,0.0040834010966743035,0.3971354166666667,0.011382600370173654
21,0.4231770833333333,0.0038342639519315627,0.3977864583333333,0.011385211488232017
22,0.455078125,0.00380650752534469,0.4036458333333333,0.010739660977075497
23,0.4518229166666667,0.0033554111077036294,0.3971354166666667,0.01081055092314879
24,0.4214409722222222,0.003479100013565686,0.4108072916666667,0.009914573437223831
25,0.4722222222222222,0.0030184501924345065,0.4029947916666667,0.010106505360454321
26,0.4702690972222222,0.0032888741051364276,0.4212239583333333,0.009396621802200874
27,0.5243055555555556,0.002865046948297984,0.4153645833333333,0.00908598117530346
28,0.5036892361111112,0.0028635499766096473,0.4270833333333333,0.00872379851837953
29,0.5338541666666666,0.0028315000236034393,0.458984375,0.007827664415041605
30,0.4945746527777778,0.0026342342154950732,0.4798177083333333,0.008030490018427372
31,0.5345052083333334,0.0027482894430350927,0.4602864583333333,0.006808037559191386
32,0.5206163194444444,0.0024263961240649223,0.478515625,0.00754575051056842
33,0.5540364583333334,0.00257547894337525,0.4641927083333333,0.006233290846770008
34,0.4852430555555556,0.0023518452394960653,0.48046875,0.0069447044127931195
35,0.5553385416666666,0.002644272152489672,0.4518229166666667,0.005317322327755392
36,0.4887152777777778,0.002011898555792868,0.4615885416666667,0.007057732669636607
37,0.53125,0.0024605521401907834,0.4134114583333333,0.005078916049872835
38,0.5052083333333334,0.002041680324408743,0.458984375,0.006415331348155935
39,0.5373263888888888,0.0024722140644573504,0.4134114583333333,0.004470439977012575
0,0.08897569444444445,0.05974969805942641,0.04296875,0.0820486048857371
1,0.012152777777777778,0.041813666156182684,0.04296875,0.0648472507794698
2,0.2983940972222222,0.0358719632236494,0.486328125,0.05889390160640081
3,0.3986545138888889,0.034000067687076,0.4869791666666667,0.05587278244396051
4,0.5540364583333334,0.03304744599800971,0.4856770833333333,0.053575146943330765
5,0.5538194444444444,0.03157942141923639,0.4830729166666667,0.050904328003525734
6,0.453125,0.030208400812827878,0.4778645833333333,0.04746317366758982
7,0.2816840277777778,0.02783009477166666,0.4674479166666667,0.04315950224796931
8,0.3704427083333333,0.024736067875184946,0.4694010416666667,0.037553137789169945
9,0.4787326388888889,0.020851581460899778,0.4654947916666667,0.03007328137755394
10,0.4947916666666667,0.01583024532818753,0.4583333333333333,0.023561548596868914
11,0.4735243055555556,0.011779266319030689,0.4166666666666667,0.020551574726899464
12,0.4817708333333333,0.009492038050666451,0.41796875,0.01891433789084355
13,0.4698350694444444,0.008326630819485419,0.4192708333333333,0.017725361045449972
14,0.4240451388888889,0.007535204174928367,0.4192708333333333,0.016297982074320316
15,0.4470486111111111,0.006971612084372383,0.41796875,0.015315779795249304
16,0.4370659722222222,0.006471094335817422,0.4114583333333333,0.014274954640616974
17,0.4507378472222222,0.005827968571490298,0.3912760416666667,0.013395475844542185
18,0.4051649305555556,0.00557977016756518,0.3828125,0.012534288844714562
19,0.3671875,0.005184092714140813,0.3932291666666667,0.012009422294795513
20,0.4242621527777778,0.0051728429486198975,0.3841145833333333,0.010937851388007402
21,0.3880208333333333,0.004568506387941953,0.3938802083333333,0.01144808103951315
22,0.4459635416666667,0.004932047579334014,0.3958333333333333,0.010072900059943398
23,0.4151475694444444,0.003976520642431246,0.4524739583333333,0.011120361896852652
24,0.4889322916666667,0.0048720108849617345,0.4811197916666667,0.009381204882326225
25,0.5319010416666666,0.0037838897292709183,0.45703125,0.010589840511480967
0,0.115234375,0.05159761032296552,0.04296875,0.06461946790417035
1,0.6065538194444444,0.0368447728558547,0.4869791666666667,0.0588215154906114
2,0.6647135416666666,0.0348599087446928,0.4869791666666667,0.056477451076110206
3,0.6163194444444444,0.03385228254935808,0.4869791666666667,0.05483217785755793
4,0.6163194444444444,0.03264854470681813,0.4869791666666667,0.05320308109124502
5,0.6145833333333334,0.03165458836075333,0.4869791666666667,0.05140914209187031
6,0.5579427083333334,0.030485617540155847,0.4869791666666667,0.049480742464462914
7,0.6171875,0.02946456066436238,0.4895833333333333,0.047054325540860496
8,0.6161024305555556,0.027426716612858906,0.4895833333333333,0.04403139464557171
9,0.6174045138888888,0.025215660325355,0.4876302083333333,0.04033727633456389
10,0.482421875,0.022611373220570385,0.48046875,0.035641541704535484
11,0.6148003472222222,0.019036943092942238,0.4791666666666667,0.029842276747028034
12,0.5876736111111112,0.014938760445349746,0.466796875,0.024101339901487034
13,0.5342881944444444,0.011299196540171074,0.4518229166666667,0.01928648476799329
14,0.564453125,0.008929132755535344,0.4479166666666667,0.01637419732287526
15,0.5145399305555556,0.007747830874803994,0.447265625,0.01559488040705522
16,0.5620659722222222,0.007052765706450575,0.4505208333333333,0.014920484585066637
17,0.5509982638888888,0.0063643149721125765,0.451171875,0.014230294773976008
18,0.5629340277777778,0.005739380372688174,0.4576822916666667,0.0135904629714787
19,0.5629340277777778,0.005156510224979784,0.4583333333333333,0.01311010510350267
20,0.5792100694444444,0.004661824256699119,0.4420572916666667,0.012610456440597773
21,0.5564236111111112,0.00417553474350522,0.4055989583333333,0.012088419403880835
22,0.5768229166666666,0.0038236837653029296,0.375,0.01176280171299974
23,0.5143229166666666,0.003537944401614368,0.3522135416666667,0.01143052646269401
24,0.52734375,0.003308957727212045,0.3203125,0.011117021553218365
25,0.5271267361111112,0.003113438090723422,0.3203125,0.010554468259215355
26,0.5279947916666666,0.0029836024882064927,0.333984375,0.010103199010094007
27,0.5212673611111112,0.0027871125817505848,0.3639322916666667,0.009615144226700068
28,0.5295138888888888,0.00275099142971966,0.3821614583333333,0.00927854779486855
29,0.5327690972222222,0.0025708756616546046,0.3899739583333333,0.008572984952479601
30,0.5533854166666666,0.002562104413906733,0.4375,0.008424098060155908
31,0.5249565972222222,0.002294705967263629,0.4518229166666667,0.007451313392569621
32,0.5611979166666666,0.002546620193041033,0.421875,0.007808910372356574
33,0.5182291666666666,0.002069830765119857,0.4609375,0.006162930900851886
34,0.56640625,0.0026701048870260515,0.4329427083333333,0.007074734816948573
35,0.5106336805555556,0.0019240863362534179,0.455078125,0.00564122071955353
36,0.5733506944444444,0.002594543025932378,0.4375,0.006566253723576665
37,0.5138888888888888,0.001830760415436493,0.455078125,0.005310936248861253
38,0.5763888888888888,0.00246835485773368,0.443359375,0.00607091390217344
39,0.5240885416666666,0.0017614976709915532,0.470703125,0.0049526315027227
